#
# There is insufficient memory for the Java Runtime Environment to continue.
# Native memory allocation (malloc) failed to allocate 1178256 bytes for Chunk::new
# Possible reasons:
#   The system is out of physical RAM or swap space
#   The process is running with CompressedOops enabled, and the Java Heap may be blocking the growth of the native heap
# Possible solutions:
#   Reduce memory load on the system
#   Increase physical memory or swap space
#   Check if swap backing store is full
#   Decrease Java heap size (-Xmx/-Xms)
#   Decrease number of Java threads
#   Decrease Java thread stack sizes (-Xss)
#   Set larger code cache with -XX:ReservedCodeCacheSize=
#   JVM is running with Unscaled Compressed Oops mode in which the Java heap is
#     placed in the first 4GB address space. The Java Heap base address is the
#     maximum limit for the native heap growth. Please use -XX:HeapBaseMinAddress
#     to set the Java Heap base and to place the Java Heap above 4GB virtual address.
# This output file may be truncated or incomplete.
#
#  Out of Memory Error (allocation.cpp:389), pid=155012, tid=0x00000000000257e0
#
# JRE version: OpenJDK Runtime Environment (8.0_202-b03) (build 1.8.0_202-release-1483-b03)
# Java VM: OpenJDK 64-Bit Server VM (25.202-b03 mixed mode windows-amd64 compressed oops)
# Failed to write core dump. Minidumps are not enabled by default on client versions of Windows
#

---------------  T H R E A D  ---------------

Current thread (0x0000000018e6d800):  JavaThread "C2 CompilerThread2" daemon [_thread_in_native, id=153568, stack(0x0000000019830000,0x0000000019930000)]

Stack: [0x0000000019830000,0x0000000019930000]
[error occurred during error reporting (printing stack bounds), id 0xc0000005]

Native frames: (J=compiled Java code, j=interpreted, Vv=VM code, C=native code)


Current CompileTask:
C2:2122166 32355       4       com.android.ide.common.resources.NodeUtils::duplicateNode (315 bytes)


---------------  P R O C E S S  ---------------

Java Threads: ( => current thread )
  0x000000001b280000 JavaThread "stdout" [_thread_in_native, id=154100, stack(0x000000002a270000,0x000000002a370000)]
  0x000000001b277800 JavaThread "stderr" [_thread_in_native, id=155424, stack(0x000000002a170000,0x000000002a270000)]
  0x000000001b27a800 JavaThread "pool-5-thread-1" [_thread_blocked, id=155160, stack(0x0000000029a30000,0x0000000029b30000)]
  0x000000001b279800 JavaThread "WorkerExecutor Queue Thread 5" [_thread_blocked, id=153168, stack(0x0000000029930000,0x0000000029a30000)]
  0x000000001b27d800 JavaThread "WorkerExecutor Queue Thread 4" [_thread_blocked, id=150592, stack(0x0000000027410000,0x0000000027510000)]
  0x000000001d78b800 JavaThread "WorkerExecutor Queue Thread 3" [_thread_blocked, id=155236, stack(0x0000000027310000,0x0000000027410000)]
  0x000000001d787800 JavaThread "WorkerExecutor Queue Thread 2" [_thread_blocked, id=99916, stack(0x0000000026f10000,0x0000000027010000)]
  0x000000001d780000 JavaThread "WorkerExecutor Queue" [_thread_in_native, id=154972, stack(0x0000000026c10000,0x0000000026d10000)]
  0x000000001d787000 JavaThread "Cache worker for execution history cache (D:\Programming\AndroidProjects\sjly\.gradle\5.5.1\executionHistory)" [_thread_blocked, id=135004, stack(0x00000000266a0000,0x00000000267a0000)]
  0x000000001d783000 JavaThread "Execution worker for ':' Thread 7" [_thread_in_Java, id=150448, stack(0x00000000264a0000,0x00000000265a0000)]
  0x000000001d786000 JavaThread "Execution worker for ':' Thread 6" [_thread_blocked, id=137028, stack(0x00000000263a0000,0x00000000264a0000)]
  0x000000001d77f800 JavaThread "Execution worker for ':' Thread 5" [_thread_blocked, id=150880, stack(0x0000000026050000,0x0000000026150000)]
  0x000000001d782800 JavaThread "Execution worker for ':' Thread 4" [_thread_blocked, id=155608, stack(0x0000000025f50000,0x0000000026050000)]
  0x000000001d781000 JavaThread "Execution worker for ':' Thread 3" [_thread_blocked, id=148832, stack(0x0000000025e50000,0x0000000025f50000)]
  0x000000001d785800 JavaThread "Execution worker for ':' Thread 2" [_thread_blocked, id=141152, stack(0x0000000025d50000,0x0000000025e50000)]
  0x000000001d784800 JavaThread "Execution worker for ':'" [_thread_blocked, id=154320, stack(0x0000000025350000,0x0000000025450000)]
  0x0000000020e1d800 JavaThread "Cache worker for file content cache (D:\Programming\AndroidProjects\sjly\.gradle\5.5.1\fileContent)" [_thread_blocked, id=151764, stack(0x00000000250c0000,0x00000000251c0000)]
  0x0000000020e1d000 JavaThread "Cache worker for Build Output Cleanup Cache (D:\Programming\AndroidProjects\sjly\.gradle\buildOutputCleanup)" [_thread_blocked, id=134392, stack(0x0000000024d90000,0x0000000024e90000)]
  0x0000000020e1f000 JavaThread "pool-4-thread-1" [_thread_blocked, id=153932, stack(0x0000000023f90000,0x0000000024090000)]
  0x0000000020e1c000 JavaThread "Build operations Thread 8" [_thread_blocked, id=153268, stack(0x0000000023a90000,0x0000000023b90000)]
  0x0000000020e14800 JavaThread "Build operations Thread 7" [_thread_in_Java, id=142784, stack(0x0000000023590000,0x0000000023690000)]
  0x0000000020e1b800 JavaThread "Build operations Thread 6" [_thread_in_Java, id=151076, stack(0x0000000023490000,0x0000000023590000)]
  0x0000000020e1a800 JavaThread "Build operations Thread 5" [_thread_blocked, id=132992, stack(0x0000000023390000,0x0000000023490000)]
  0x0000000020e13000 JavaThread "Build operations Thread 4" [_thread_blocked, id=135088, stack(0x0000000023290000,0x0000000023390000)]
  0x0000000020e19000 JavaThread "Build operations Thread 3" [_thread_blocked, id=151032, stack(0x0000000023190000,0x0000000023290000)]
  0x0000000020e1a000 JavaThread "Build operations Thread 2" [_thread_in_Java, id=155520, stack(0x0000000023090000,0x0000000023190000)]
  0x0000000020e11800 JavaThread "Build operations" [_thread_blocked, id=146620, stack(0x0000000020a70000,0x0000000020b70000)]
  0x0000000020e18800 JavaThread "Cache worker for cache directory md-rule (C:\Users\Z-P-J\.gradle\caches\5.5.1\md-rule)" [_thread_blocked, id=154888, stack(0x000000001eac0000,0x000000001ebc0000)]
  0x0000000020e17000 JavaThread "Cache worker for cache directory md-supplier (C:\Users\Z-P-J\.gradle\caches\5.5.1\md-supplier)" [_thread_blocked, id=153372, stack(0x000000001e770000,0x000000001e870000)]
  0x0000000020e12800 JavaThread "Cache worker for file hash cache (D:\Programming\AndroidProjects\sjly\.gradle\5.5.1\fileHashes)" [_thread_blocked, id=151256, stack(0x000000001c1d0000,0x000000001c2d0000)]
  0x0000000020e16000 JavaThread "Thread-71" [_thread_in_Java, id=154936, stack(0x000000001c0d0000,0x000000001c1d0000)]
  0x0000000020e15800 JavaThread "Stdin handler" [_thread_blocked, id=155400, stack(0x000000001bfd0000,0x000000001c0d0000)]
  0x0000000020e14000 JavaThread "Asynchronous log dispatcher for DefaultDaemonConnection: socket connection from /127.0.0.1:14280 to /127.0.0.1:14481" [_thread_blocked, id=146276, stack(0x000000001bed0000,0x000000001bfd0000)]
  0x0000000020e17800 JavaThread "Daemon worker Thread 2" [_thread_blocked, id=145300, stack(0x000000001bdd0000,0x000000001bed0000)]
  0x000000001a2b0800 JavaThread "Cancel handler" [_thread_blocked, id=114116, stack(0x000000001bad0000,0x000000001bbd0000)]
  0x000000001a2a8000 JavaThread "Handler for socket connection from /127.0.0.1:14280 to /127.0.0.1:14481" [_thread_in_native, id=154252, stack(0x000000001b9d0000,0x000000001bad0000)]
  0x000000001a2a7800 JavaThread "Daemon Thread 2" [_thread_blocked, id=154132, stack(0x0000000001350000,0x0000000001450000)]
  0x000000001b284800 JavaThread "MarlinRenderer Disposer" daemon [_thread_blocked, id=151152, stack(0x0000000029d20000,0x0000000029e20000)]
  0x000000001b276800 JavaThread "Java2D Disposer" daemon [_thread_blocked, id=137284, stack(0x0000000029c20000,0x0000000029d20000)]
  0x000000001b27c800 JavaThread "Cache worker for Java compile cache (C:\Users\Z-P-J\.gradle\caches\5.5.1\javaCompile)" [_thread_blocked, id=155512, stack(0x0000000027210000,0x0000000027310000)]
  0x000000001b27e800 JavaThread "Cache worker for file content cache (C:\Users\Z-P-J\.gradle\caches\5.5.1\fileContent)" [_thread_blocked, id=154300, stack(0x0000000025250000,0x0000000025350000)]
  0x000000001b279000 JavaThread "Memory manager" [_thread_blocked, id=151124, stack(0x0000000024a90000,0x0000000024b90000)]
  0x000000001d77e800 JavaThread "Cache worker for execution history cache (C:\Users\Z-P-J\.gradle\caches\5.5.1\executionHistory)" [_thread_blocked, id=155356, stack(0x0000000020b70000,0x0000000020c70000)]
  0x000000001aad3800 JavaThread "Cache worker for journal cache (C:\Users\Z-P-J\.gradle\caches\journal-1)" [_thread_in_native, id=154116, stack(0x000000001c6d0000,0x000000001c7d0000)]
  0x000000001aacf000 JavaThread "File lock request listener" [_thread_in_native, id=154176, stack(0x000000001c5d0000,0x000000001c6d0000)]
  0x0000000019f24800 JavaThread "Cache worker for file hash cache (C:\Users\Z-P-J\.gradle\caches\5.5.1\fileHashes)" [_thread_blocked, id=154476, stack(0x000000001c4d0000,0x000000001c5d0000)]
  0x00000000190c1800 JavaThread "Daemon periodic checks" [_thread_blocked, id=115208, stack(0x000000001b8d0000,0x000000001b9d0000)]
  0x0000000018f64000 JavaThread "Incoming local TCP Connector on port 14280" [_thread_in_native, id=135656, stack(0x000000001b720000,0x000000001b820000)]
  0x0000000019094800 JavaThread "Daemon health stats" [_thread_blocked, id=151344, stack(0x000000001b400000,0x000000001b500000)]
  0x0000000018f02000 JavaThread "Service Thread" daemon [_thread_blocked, id=154764, stack(0x0000000019a30000,0x0000000019b30000)]
  0x0000000018e74800 JavaThread "C1 CompilerThread3" daemon [_thread_blocked, id=152768, stack(0x0000000019930000,0x0000000019a30000)]
=>0x0000000018e6d800 JavaThread "C2 CompilerThread2" daemon [_thread_in_native, id=153568, stack(0x0000000019830000,0x0000000019930000)]
  0x0000000018e6d000 JavaThread "C2 CompilerThread1" daemon [_thread_in_native, id=155620, stack(0x0000000019730000,0x0000000019830000)]
  0x0000000018e5f800 JavaThread "C2 CompilerThread0" daemon [_thread_in_native, id=154104, stack(0x0000000019630000,0x0000000019730000)]
  0x0000000018e59800 JavaThread "Attach Listener" daemon [_thread_blocked, id=154524, stack(0x0000000019530000,0x0000000019630000)]
  0x0000000018e07000 JavaThread "Signal Dispatcher" daemon [_thread_blocked, id=151624, stack(0x0000000019430000,0x0000000019530000)]
  0x0000000016ff2800 JavaThread "Finalizer" daemon [_thread_blocked, id=152688, stack(0x00000000192d0000,0x00000000193d0000)]
  0x0000000003226800 JavaThread "Reference Handler" daemon [_thread_blocked, id=149788, stack(0x00000000191d0000,0x00000000192d0000)]
  0x000000000312e800 JavaThread "main" [_thread_blocked, id=152200, stack(0x0000000002fe0000,0x00000000030e0000)]

Other Threads:
  0x0000000016fe7800 VMThread [stack: 0x0000000018cd0000,0x0000000018dd0000] [id=153440]
  0x0000000018f03800 WatcherThread [stack: 0x0000000019b30000,0x0000000019c30000] [id=153784]

VM state:not at safepoint (normal execution)

VM Mutex/Monitor currently owned by a thread:  ([mutex/lock_event])
[0x000000000312dd40] AdapterHandlerLibrary_lock - owner thread: 0x000000001d780000

OutOfMemory and StackOverflow Exception counts:
OutOfMemoryError java_heap_errors=4

heap address: 0x00000000a0000000, size: 1536 MB, Compressed Oops mode: 32-bit
Narrow klass base: 0x0000000000000000, Narrow klass shift: 3
Compressed class space size: 1073741824 Address: 0x0000000100000000

Heap:
 PSYoungGen      total 421376K, used 86834K [0x00000000e0000000, 0x0000000100000000, 0x0000000100000000)
  eden space 337920K, 4% used [0x00000000e0000000,0x00000000e0eb7ec8,0x00000000f4a00000)
  from space 83456K, 85% used [0x00000000fae00000,0x00000000ff4149a8,0x00000000fff80000)
  to   space 93184K, 0% used [0x00000000f4a00000,0x00000000f4a00000,0x00000000fa500000)
 ParOldGen       total 443392K, used 255326K [0x00000000a0000000, 0x00000000bb100000, 0x00000000e0000000)
  object space 443392K, 57% used [0x00000000a0000000,0x00000000af957b40,0x00000000bb100000)
 Metaspace       used 117792K, capacity 125104K, committed 125208K, reserved 1159168K
  class space    used 14585K, capacity 16113K, committed 16152K, reserved 1048576K

Card table byte_map: [0x00000000125f0000,0x0000000012900000] byte_map_base: 0x00000000120f0000

Marking Bits: (ParMarkBitMap*) 0x0000000077f79f30
 Begin Bits: [0x0000000013300000, 0x0000000014b00000)
 End Bits:   [0x0000000014b00000, 0x0000000016300000)

Polling page: 0x0000000001040000

CodeCache: size=245760Kb used=89444Kb max_used=89445Kb free=156315Kb
 bounds [0x0000000003230000, 0x0000000008a10000, 0x0000000012230000]
 total_blobs=25084 nmethods=24044 adapters=952
 compilation: enabled

Compilation events (10 events):
Event: 2122.005 Thread 0x0000000018e74800 32369       1       com.google.common.cache.LocalCache$WeakValueReference::isActive (2 bytes)
Event: 2122.005 Thread 0x0000000018e74800 nmethod 32369 0x00000000089b5610 code [0x00000000089b5760, 0x00000000089b5870]
Event: 2122.007 Thread 0x0000000018e74800 32370       3       org.gradle.workers.internal.DefaultWorkerExecutor$LazyChildWorkerLeaseLock::tryLock (34 bytes)
Event: 2122.007 Thread 0x0000000018e6d000 nmethod 32352 0x00000000089fbc10 code [0x00000000089fc0c0, 0x00000000089fec70]
Event: 2122.015 Thread 0x0000000018e74800 nmethod 32370 0x00000000089bad10 code [0x00000000089baec0, 0x00000000089bb4d8]
Event: 2122.015 Thread 0x0000000018e74800 32372       3       java.io.ObjectInputStream::checkResolve (86 bytes)
Event: 2122.020 Thread 0x0000000018e74800 nmethod 32372 0x00000000089eee50 code [0x00000000089ef040, 0x00000000089ef998]
Event: 2122.021 Thread 0x0000000018e74800 32371       3       java.util.concurrent.SynchronousQueue$TransferStack::awaitFulfill (166 bytes)
Event: 2122.025 Thread 0x0000000018e74800 nmethod 32371 0x00000000089ed010 code [0x00000000089ed280, 0x00000000089ee748]
Event: 2122.037 Thread 0x0000000018e6d000 32373       4       java.io.ObjectInputStream::readClassDesc (128 bytes)

GC Heap History (10 events):
Event: 166.954 GC heap before
{Heap before GC invocations=70 (full 7):
 PSYoungGen      total 398848K, used 319187K [0x00000000e0000000, 0x00000000ff880000, 0x0000000100000000)
  eden space 286720K, 100% used [0x00000000e0000000,0x00000000f1800000,0x00000000f1800000)
  from space 112128K, 28% used [0x00000000f1800000,0x00000000f37b4d98,0x00000000f8580000)
  to   space 103936K, 0% used [0x00000000f9300000,0x00000000f9300000,0x00000000ff880000)
 ParOldGen       total 443392K, used 255286K [0x00000000a0000000, 0x00000000bb100000, 0x00000000e0000000)
  object space 443392K, 57% used [0x00000000a0000000,0x00000000af94db40,0x00000000bb100000)
 Metaspace       used 110288K, capacity 116962K, committed 117144K, reserved 1150976K
  class space    used 13762K, capacity 15196K, committed 15256K, reserved 1048576K
Event: 167.049 GC heap after
Heap after GC invocations=70 (full 7):
 PSYoungGen      total 399360K, used 34073K [0x00000000e0000000, 0x00000000fec00000, 0x0000000100000000)
  eden space 308224K, 0% used [0x00000000e0000000,0x00000000e0000000,0x00000000f2d00000)
  from space 91136K, 37% used [0x00000000f9300000,0x00000000fb4466c8,0x00000000fec00000)
  to   space 97792K, 0% used [0x00000000f2d00000,0x00000000f2d00000,0x00000000f8c80000)
 ParOldGen       total 443392K, used 255294K [0x00000000a0000000, 0x00000000bb100000, 0x00000000e0000000)
  object space 443392K, 57% used [0x00000000a0000000,0x00000000af94fb40,0x00000000bb100000)
 Metaspace       used 110288K, capacity 116962K, committed 117144K, reserved 1150976K
  class space    used 13762K, capacity 15196K, committed 15256K, reserved 1048576K
}
Event: 167.982 GC heap before
{Heap before GC invocations=71 (full 7):
 PSYoungGen      total 399360K, used 342176K [0x00000000e0000000, 0x00000000fec00000, 0x0000000100000000)
  eden space 308224K, 99% used [0x00000000e0000000,0x00000000f2ce1c58,0x00000000f2d00000)
  from space 91136K, 37% used [0x00000000f9300000,0x00000000fb4466c8,0x00000000fec00000)
  to   space 97792K, 0% used [0x00000000f2d00000,0x00000000f2d00000,0x00000000f8c80000)
 ParOldGen       total 443392K, used 255294K [0x00000000a0000000, 0x00000000bb100000, 0x00000000e0000000)
  object space 443392K, 57% used [0x00000000a0000000,0x00000000af94fb40,0x00000000bb100000)
 Metaspace       used 110330K, capacity 116962K, committed 117144K, reserved 1150976K
  class space    used 13762K, capacity 15196K, committed 15256K, reserved 1048576K
Event: 168.014 GC heap after
Heap after GC invocations=71 (full 7):
 PSYoungGen      total 406016K, used 23785K [0x00000000e0000000, 0x00000000ffc80000, 0x0000000100000000)
  eden space 308224K, 0% used [0x00000000e0000000,0x00000000e0000000,0x00000000f2d00000)
  from space 97792K, 24% used [0x00000000f2d00000,0x00000000f443a530,0x00000000f8c80000)
  to   space 92672K, 0% used [0x00000000fa200000,0x00000000fa200000,0x00000000ffc80000)
 ParOldGen       total 443392K, used 255302K [0x00000000a0000000, 0x00000000bb100000, 0x00000000e0000000)
  object space 443392K, 57% used [0x00000000a0000000,0x00000000af951b40,0x00000000bb100000)
 Metaspace       used 110330K, capacity 116962K, committed 117144K, reserved 1150976K
  class space    used 13762K, capacity 15196K, committed 15256K, reserved 1048576K
}
Event: 170.785 GC heap before
{Heap before GC invocations=72 (full 7):
 PSYoungGen      total 406016K, used 331884K [0x00000000e0000000, 0x00000000ffc80000, 0x0000000100000000)
  eden space 308224K, 99% used [0x00000000e0000000,0x00000000f2ce0c90,0x00000000f2d00000)
  from space 97792K, 24% used [0x00000000f2d00000,0x00000000f443a530,0x00000000f8c80000)
  to   space 92672K, 0% used [0x00000000fa200000,0x00000000fa200000,0x00000000ffc80000)
 ParOldGen       total 443392K, used 255302K [0x00000000a0000000, 0x00000000bb100000, 0x00000000e0000000)
  object space 443392K, 57% used [0x00000000a0000000,0x00000000af951b40,0x00000000bb100000)
 Metaspace       used 110796K, capacity 117558K, committed 117784K, reserved 1150976K
  class space    used 13827K, capacity 15290K, committed 15384K, reserved 1048576K
Event: 170.841 GC heap after
Heap after GC invocations=72 (full 7):
 PSYoungGen      total 413696K, used 27545K [0x00000000e0000000, 0x00000000ff000000, 0x0000000100000000)
  eden space 333824K, 0% used [0x00000000e0000000,0x00000000e0000000,0x00000000f4600000)
  from space 79872K, 34% used [0x00000000fa200000,0x00000000fbce67a8,0x00000000ff000000)
  to   space 87040K, 0% used [0x00000000f4600000,0x00000000f4600000,0x00000000f9b00000)
 ParOldGen       total 443392K, used 255310K [0x00000000a0000000, 0x00000000bb100000, 0x00000000e0000000)
  object space 443392K, 57% used [0x00000000a0000000,0x00000000af953b40,0x00000000bb100000)
 Metaspace       used 110796K, capacity 117558K, committed 117784K, reserved 1150976K
  class space    used 13827K, capacity 15290K, committed 15384K, reserved 1048576K
}
Event: 1603.990 GC heap before
{Heap before GC invocations=73 (full 7):
 PSYoungGen      total 413696K, used 361369K [0x00000000e0000000, 0x00000000ff000000, 0x0000000100000000)
  eden space 333824K, 100% used [0x00000000e0000000,0x00000000f4600000,0x00000000f4600000)
  from space 79872K, 34% used [0x00000000fa200000,0x00000000fbce67a8,0x00000000ff000000)
  to   space 87040K, 0% used [0x00000000f4600000,0x00000000f4600000,0x00000000f9b00000)
 ParOldGen       total 443392K, used 255310K [0x00000000a0000000, 0x00000000bb100000, 0x00000000e0000000)
  object space 443392K, 57% used [0x00000000a0000000,0x00000000af953b40,0x00000000bb100000)
 Metaspace       used 117138K, capacity 124446K, committed 124696K, reserved 1157120K
  class space    used 14550K, capacity 16064K, committed 16152K, reserved 1048576K
Event: 1605.189 GC heap after
Heap after GC invocations=73 (full 7):
 PSYoungGen      total 420864K, used 22478K [0x00000000e0000000, 0x00000000fff80000, 0x0000000100000000)
  eden space 333824K, 0% used [0x00000000e0000000,0x00000000e0000000,0x00000000f4600000)
  from space 87040K, 25% used [0x00000000f4600000,0x00000000f5bf3b30,0x00000000f9b00000)
  to   space 83456K, 0% used [0x00000000fae00000,0x00000000fae00000,0x00000000fff80000)
 ParOldGen       total 443392K, used 255318K [0x00000000a0000000, 0x00000000bb100000, 0x00000000e0000000)
  object space 443392K, 57% used [0x00000000a0000000,0x00000000af955b40,0x00000000bb100000)
 Metaspace       used 117138K, capacity 124446K, committed 124696K, reserved 1157120K
  class space    used 14550K, capacity 16064K, committed 16152K, reserved 1048576K
}
Event: 2121.102 GC heap before
{Heap before GC invocations=74 (full 7):
 PSYoungGen      total 420864K, used 355922K [0x00000000e0000000, 0x00000000fff80000, 0x0000000100000000)
  eden space 333824K, 99% used [0x00000000e0000000,0x00000000f45a0ff8,0x00000000f4600000)
  from space 87040K, 25% used [0x00000000f4600000,0x00000000f5bf3b30,0x00000000f9b00000)
  to   space 83456K, 0% used [0x00000000fae00000,0x00000000fae00000,0x00000000fff80000)
 ParOldGen       total 443392K, used 255318K [0x00000000a0000000, 0x00000000bb100000, 0x00000000e0000000)
  object space 443392K, 57% used [0x00000000a0000000,0x00000000af955b40,0x00000000bb100000)
 Metaspace       used 117789K, capacity 125104K, committed 125208K, reserved 1159168K
  class space    used 14585K, capacity 16113K, committed 16152K, reserved 1048576K
Event: 2121.832 GC heap after
Heap after GC invocations=74 (full 7):
 PSYoungGen      total 421376K, used 71762K [0x00000000e0000000, 0x0000000100000000, 0x0000000100000000)
  eden space 337920K, 0% used [0x00000000e0000000,0x00000000e0000000,0x00000000f4a00000)
  from space 83456K, 85% used [0x00000000fae00000,0x00000000ff4149a8,0x00000000fff80000)
  to   space 93184K, 0% used [0x00000000f4a00000,0x00000000f4a00000,0x00000000fa500000)
 ParOldGen       total 443392K, used 255326K [0x00000000a0000000, 0x00000000bb100000, 0x00000000e0000000)
  object space 443392K, 57% used [0x00000000a0000000,0x00000000af957b40,0x00000000bb100000)
 Metaspace       used 117789K, capacity 125104K, committed 125208K, reserved 1159168K
  class space    used 14585K, capacity 16113K, committed 16152K, reserved 1048576K
}

Deoptimization events (10 events):
Event: 2120.118 Thread 0x0000000020e17800 Uncommon trap: reason=null_check action=make_not_entrant pc=0x0000000008932c80 method=com.sun.org.apache.xerces.internal.dom.NamedNodeMapImpl.findNamePoint(Ljava/lang/String;Ljava/lang/String;)I @ 76
Event: 2120.119 Thread 0x0000000020e17800 Uncommon trap: reason=null_check action=make_not_entrant pc=0x0000000008936958 method=com.sun.org.apache.xerces.internal.dom.NamedNodeMapImpl.findNamePoint(Ljava/lang/String;Ljava/lang/String;)I @ 76
Event: 2120.119 Thread 0x0000000020e17800 Uncommon trap: reason=null_check action=make_not_entrant pc=0x000000000892f74c method=com.sun.org.apache.xerces.internal.dom.NamedNodeMapImpl.findNamePoint(Ljava/lang/String;Ljava/lang/String;)I @ 76
Event: 2120.771 Thread 0x0000000020e17800 Uncommon trap: reason=bimorphic action=maybe_recompile pc=0x00000000088390a8 method=com.android.ide.common.resources.NodeUtils.processSingleNodeNamespace(Lorg/w3c/dom/Node;Lorg/w3c/dom/Document;)Z @ 100
Event: 2120.774 Thread 0x0000000020e17800 Uncommon trap: reason=bimorphic action=maybe_recompile pc=0x00000000088390a8 method=com.android.ide.common.resources.NodeUtils.processSingleNodeNamespace(Lorg/w3c/dom/Node;Lorg/w3c/dom/Document;)Z @ 100
Event: 2120.775 Thread 0x0000000020e17800 Uncommon trap: reason=bimorphic action=maybe_recompile pc=0x000000000883903c method=com.android.ide.common.resources.NodeUtils.processSingleNodeNamespace(Lorg/w3c/dom/Node;Lorg/w3c/dom/Document;)Z @ 100
Event: 2120.776 Thread 0x0000000020e17800 Uncommon trap: reason=bimorphic action=maybe_recompile pc=0x000000000883917c method=com.android.ide.common.resources.NodeUtils.processSingleNodeNamespace(Lorg/w3c/dom/Node;Lorg/w3c/dom/Document;)Z @ 100
Event: 2120.779 Thread 0x0000000020e17800 Uncommon trap: reason=bimorphic action=maybe_recompile pc=0x0000000006b6033c method=com.android.ide.common.resources.NodeUtils.processSingleNodeNamespace(Lorg/w3c/dom/Node;Lorg/w3c/dom/Document;)Z @ 100
Event: 2120.806 Thread 0x0000000020e17800 Uncommon trap: reason=null_check action=make_not_entrant pc=0x000000000688fbc4 method=com.sun.org.apache.xerces.internal.dom.CoreDocumentImpl.getUserData(Lorg/w3c/dom/Node;Ljava/lang/String;)Ljava/lang/Object; @ 36
Event: 2120.851 Thread 0x0000000020e17800 Uncommon trap: reason=unstable_if action=reinterpret pc=0x0000000006ae7564 method=com.google.common.base.Objects.equal(Ljava/lang/Object;Ljava/lang/Object;)Z @ 14

Classes redefined (0 events):
No events

Internal exceptions (10 events):
Event: 2110.487 Thread 0x0000000020e17800 Exception <a 'sun/nio/fs/WindowsException'> (0x00000000e1b22708) thrown at [D:\src\AOSP-openjdk-cygwin\jdk8u\hotspot\src\share\vm\prims\jni.cpp, line 710]
Event: 2110.712 Thread 0x0000000020e17800 Implicit null exception at 0x000000000495d79f to 0x000000000495d8cd
Event: 2117.597 Thread 0x000000001d785800 Exception <a 'java/lang/NoSuchMethodError': java.lang.Object.lambda$comparingByKey$bbdbfea9$1(Ljava/util/Map$Entry;Ljava/util/Map$Entry;)I> (0x00000000ee00e9c0) thrown at [D:\src\AOSP-openjdk-cygwin\jdk8u\hotspot\src\share\vm\interpreter\linkResolver.cpp,
Event: 2117.796 Thread 0x000000001d785800 Exception <a 'sun/nio/fs/WindowsException'> (0x00000000ee11e590) thrown at [D:\src\AOSP-openjdk-cygwin\jdk8u\hotspot\src\share\vm\prims\jni.cpp, line 710]
Event: 2119.520 Thread 0x0000000020e17800 Implicit null exception at 0x00000000046c02de to 0x00000000046c0461
Event: 2119.665 Thread 0x0000000020e17800 Implicit null exception at 0x00000000080acf43 to 0x00000000080acfb9
Event: 2120.118 Thread 0x0000000020e17800 Implicit null exception at 0x0000000008931d33 to 0x0000000008932c71
Event: 2120.119 Thread 0x0000000020e17800 Implicit null exception at 0x0000000008936329 to 0x0000000008936949
Event: 2120.119 Thread 0x0000000020e17800 Implicit null exception at 0x000000000892f26c to 0x000000000892f73d
Event: 2120.806 Thread 0x0000000020e17800 Implicit null exception at 0x000000000688f824 to 0x000000000688fbb8

Events (10 events):
Event: 2121.835 Executing VM operation: ParallelGCFailedAllocation done
Event: 2121.968 Thread 0x000000001d787800 Thread added: 0x000000001d787800
Event: 2121.971 Thread 0x000000001d78b800 Thread added: 0x000000001d78b800
Event: 2121.975 Thread 0x000000001b27d800 Thread added: 0x000000001b27d800
Event: 2121.978 Thread 0x000000001b279800 Thread added: 0x000000001b279800
Event: 2122.008 Executing VM operation: RevokeBias
Event: 2122.012 Executing VM operation: RevokeBias done
Event: 2122.014 Thread 0x000000001b27a800 Thread added: 0x000000001b27a800
Event: 2122.113 Thread 0x000000001b277800 Thread added: 0x000000001b277800
Event: 2122.114 Thread 0x000000001b280000 Thread added: 0x000000001b280000


Dynamic libraries:
0x00007ff7018d0000 - 0x00007ff701901000 	D:\Programming\Android Studio\jre\bin\java.exe
0x00007ff840b60000 - 0x00007ff840d50000 	C:\WINDOWS\SYSTEM32\ntdll.dll
0x00007ff840360000 - 0x00007ff840412000 	C:\WINDOWS\System32\KERNEL32.DLL
0x00007ff83df30000 - 0x00007ff83e1d3000 	C:\WINDOWS\System32\KERNELBASE.dll
0x00007ff840570000 - 0x00007ff840613000 	C:\WINDOWS\System32\ADVAPI32.dll
0x00007ff8401c0000 - 0x00007ff84025e000 	C:\WINDOWS\System32\msvcrt.dll
0x00007ff83f530000 - 0x00007ff83f5c7000 	C:\WINDOWS\System32\sechost.dll
0x00007ff840940000 - 0x00007ff840a60000 	C:\WINDOWS\System32\RPCRT4.dll
0x00007ff840740000 - 0x00007ff8408d4000 	C:\WINDOWS\System32\USER32.dll
0x00007ff83ebe0000 - 0x00007ff83ec01000 	C:\WINDOWS\System32\win32u.dll
0x00007ff840100000 - 0x00007ff840126000 	C:\WINDOWS\System32\GDI32.dll
0x00007ff83dbd0000 - 0x00007ff83dd64000 	C:\WINDOWS\System32\gdi32full.dll
0x00007ff83e1e0000 - 0x00007ff83e27e000 	C:\WINDOWS\System32\msvcp_win.dll
0x00007ff83ea00000 - 0x00007ff83eafa000 	C:\WINDOWS\System32\ucrtbase.dll
0x00007ff82b2f0000 - 0x00007ff82b575000 	C:\WINDOWS\WinSxS\amd64_microsoft.windows.common-controls_6595b64144ccf1df_6.0.18362.476_none_e6c4b11b130f2595\COMCTL32.dll
0x00007ff83fdc0000 - 0x00007ff8400f6000 	C:\WINDOWS\System32\combase.dll
0x00007ff83daf0000 - 0x00007ff83db70000 	C:\WINDOWS\System32\bcryptPrimitives.dll
0x00007ff840330000 - 0x00007ff84035e000 	C:\WINDOWS\System32\IMM32.DLL
0x00000000509e0000 - 0x0000000050ab2000 	D:\Programming\Android Studio\jre\jre\bin\msvcr100.dll
0x00000000777b0000 - 0x0000000077ff6000 	D:\Programming\Android Studio\jre\jre\bin\server\jvm.dll
0x00007ff8402c0000 - 0x00007ff8402c8000 	C:\WINDOWS\System32\PSAPI.DLL
0x00007ff8372b0000 - 0x00007ff8372ba000 	C:\WINDOWS\SYSTEM32\VERSION.dll
0x00007ff839e20000 - 0x00007ff839e29000 	C:\WINDOWS\SYSTEM32\WSOCK32.dll
0x00007ff83b070000 - 0x00007ff83b094000 	C:\WINDOWS\SYSTEM32\WINMM.dll
0x00007ff840130000 - 0x00007ff84019f000 	C:\WINDOWS\System32\WS2_32.dll
0x00007ff83ae60000 - 0x00007ff83ae8d000 	C:\WINDOWS\SYSTEM32\WINMMBASE.dll
0x00007ff83dd90000 - 0x00007ff83ddda000 	C:\WINDOWS\System32\cfgmgr32.dll
0x00007ff839e10000 - 0x00007ff839e1f000 	D:\Programming\Android Studio\jre\jre\bin\verify.dll
0x00007ff837ee0000 - 0x00007ff837f09000 	D:\Programming\Android Studio\jre\jre\bin\java.dll
0x00007ff839df0000 - 0x00007ff839e06000 	D:\Programming\Android Studio\jre\jre\bin\zip.dll
0x00007ff83ee40000 - 0x00007ff83f525000 	C:\WINDOWS\System32\SHELL32.dll
0x00007ff840a60000 - 0x00007ff840b09000 	C:\WINDOWS\System32\shcore.dll
0x00007ff83e280000 - 0x00007ff83e9fe000 	C:\WINDOWS\System32\windows.storage.dll
0x00007ff83da80000 - 0x00007ff83da9f000 	C:\WINDOWS\System32\profapi.dll
0x00007ff83daa0000 - 0x00007ff83daea000 	C:\WINDOWS\System32\powrprof.dll
0x00007ff83da30000 - 0x00007ff83da40000 	C:\WINDOWS\System32\UMPDC.dll
0x00007ff8402d0000 - 0x00007ff840322000 	C:\WINDOWS\System32\shlwapi.dll
0x00007ff83da60000 - 0x00007ff83da71000 	C:\WINDOWS\System32\kernel.appcore.dll
0x00007ff83dd70000 - 0x00007ff83dd87000 	C:\WINDOWS\System32\cryptsp.dll
0x00007ff837ec0000 - 0x00007ff837eda000 	D:\Programming\Android Studio\jre\jre\bin\net.dll
0x00007ff83d240000 - 0x00007ff83d2a7000 	C:\WINDOWS\system32\mswsock.dll
0x00007ff829700000 - 0x00007ff829711000 	D:\Programming\Android Studio\jre\jre\bin\nio.dll
0x00007ff814990000 - 0x00007ff8149b6000 	C:\Users\Z-P-J\.gradle\native\29\windows-amd64\native-platform.dll
0x00007ff82cd60000 - 0x00007ff82cd6d000 	D:\Programming\Android Studio\jre\jre\bin\management.dll
0x00007ff83cdb0000 - 0x00007ff83cde3000 	C:\WINDOWS\system32\rsaenh.dll
0x00007ff83ebb0000 - 0x00007ff83ebd6000 	C:\WINDOWS\System32\bcrypt.dll
0x00007ff83d950000 - 0x00007ff83d975000 	C:\WINDOWS\SYSTEM32\USERENV.dll
0x00007ff83d410000 - 0x00007ff83d41c000 	C:\WINDOWS\SYSTEM32\CRYPTBASE.dll
0x00007ff83cf50000 - 0x00007ff83cf8a000 	C:\WINDOWS\SYSTEM32\IPHLPAPI.DLL
0x00007ff840b10000 - 0x00007ff840b18000 	C:\WINDOWS\System32\NSI.dll
0x00007ff833ec0000 - 0x00007ff833ed6000 	C:\WINDOWS\SYSTEM32\dhcpcsvc6.DLL
0x00007ff8340d0000 - 0x00007ff8340ec000 	C:\WINDOWS\SYSTEM32\dhcpcsvc.DLL
0x00007ff83cf90000 - 0x00007ff83d05a000 	C:\WINDOWS\SYSTEM32\DNSAPI.dll
0x00007ff83ca90000 - 0x00007ff83cac1000 	C:\WINDOWS\SYSTEM32\ntmarta.dll
0x00007ff819770000 - 0x00007ff819794000 	D:\Programming\Android Studio\jre\jre\bin\sunec.dll
0x00007ff82f200000 - 0x00007ff82f20a000 	C:\Windows\System32\rasadhlp.dll
0x00007ff833de0000 - 0x00007ff833e57000 	C:\WINDOWS\System32\fwpuclnt.dll
0x00007ff82c9c0000 - 0x00007ff82c9cb000 	D:\Programming\Android Studio\jre\jre\bin\sunmscapi.dll
0x00007ff83dde0000 - 0x00007ff83df29000 	C:\WINDOWS\System32\CRYPT32.dll
0x00007ff83da40000 - 0x00007ff83da52000 	C:\WINDOWS\System32\MSASN1.dll
0x00007ff80eb30000 - 0x00007ff80eccc000 	D:\Programming\Android Studio\jre\jre\bin\awt.dll
0x00007ff83fce0000 - 0x00007ff83fda4000 	C:\WINDOWS\System32\OLEAUT32.dll
0x00007ff83bec0000 - 0x00007ff83beed000 	C:\WINDOWS\SYSTEM32\dwmapi.dll
0x00007ff83a1e0000 - 0x00007ff83a7a0000 	C:\WINDOWS\SYSTEM32\d2d1.dll
0x00007ff83b700000 - 0x00007ff83b78f000 	C:\WINDOWS\SYSTEM32\apphelp.dll
0x00007ff83b8d0000 - 0x00007ff83b969000 	C:\WINDOWS\system32\uxtheme.dll

VM Arguments:
jvm_args: -Xmx1536m -Dfile.encoding=GBK -Duser.country=CN -Duser.language=zh -Duser.variant 
java_command: org.gradle.launcher.daemon.bootstrap.GradleDaemon 5.5.1
java_class_path (initial): C:\Users\Z-P-J\.gradle\wrapper\dists\gradle-5.5.1-all\8yl0syll3fr5m1v472nzznadi\gradle-5.5.1\lib\gradle-launcher-5.5.1.jar
Launcher Type: SUN_STANDARD

Environment Variables:
JAVA_HOME=C:\Program Files\Java\jdk1.8.0_212\
PATH=C:\Python27\;C:\Python27\Scripts;C:\Program Files\Java\jdk1.8.0_212\\bin\;C:\WINDOWS\system32;C:\WINDOWS;C:\WINDOWS\System32\Wbem;C:\WINDOWS\System32\WindowsPowerShell\v1.0\;C:\WINDOWS\System32\OpenSSH\;C:\Program Files\Intel\WiFi\bin\;C:\Program Files\Common Files\Intel\WirelessCommon\;D:\Program Files\Git\cmd;D:\Program Files\Matlab R2019a\runtime\win64;D:\Program Files\Matlab R2019a\bin;D:\Program Files\Matlab R2019a\polyspace\bin;D:\Programming\apache-maven-3.6.2\bin;D:\Programming\nodejs\;C:\Program Files (x86)\Common Files\Thunder Network\KanKan\Codecs;D:\Programming\mingw64\bin;C:\Users\Z-P-J\AppData\Local\Programs\Python\Python37\Scripts\;C:\Users\Z-P-J\AppData\Local\Programs\Python\Python37\;C:\Program Files\MySQL\MySQL Shell 8.0\bin\;D:\Program Files\Microsoft VS Code\bin;C:\Users\Z-P-J\AppData\Local\GitHubDesktop\bin;C:\Users\Z-P-J\AppData\Local\Microsoft\WindowsApps;C:\Users\Z-P-J\AppData\Roaming\npm
USERNAME=Z-P-J
OS=Windows_NT
PROCESSOR_IDENTIFIER=AMD64 Family 23 Model 24 Stepping 1, AuthenticAMD



---------------  S Y S T E M  ---------------

OS: Windows 10.0 , 64 bit Build 18362 (10.0.18362.329)

CPU:total 8 (initial active 8) (8 cores per cpu, 1 threads per core) family 23 model 24 stepping 1, cmov, cx8, fxsr, mmx, sse, sse2, sse3, ssse3, sse4.1, sse4.2, popcnt, avx, avx2, aes, clmul, mmxext, 3dnowpref, lzcnt, sse4a, tsc, tscinvbit, tscinv, bmi1

Memory: 4k page, physical 7277196k(381984k free), swap 17762952k(4824k free)

vm_info: OpenJDK 64-Bit Server VM (25.202-b03) for windows-amd64 JRE (1.8.0_202-release-1483-b03), built by "builder" with MS VC++ 10.0 (VS2010)

time: Thu Nov 28 21:41:19 2019
timezone: 中国标准时间
elapsed time: 2122 seconds (0d 0h 35m 22s)

