#
# There is insufficient memory for the Java Runtime Environment to continue.
# Native memory allocation (malloc) failed to allocate 934736 bytes for Chunk::new
# Possible reasons:
#   The system is out of physical RAM or swap space
#   The process is running with CompressedOops enabled, and the Java Heap may be blocking the growth of the native heap
# Possible solutions:
#   Reduce memory load on the system
#   Increase physical memory or swap space
#   Check if swap backing store is full
#   Decrease Java heap size (-Xmx/-Xms)
#   Decrease number of Java threads
#   Decrease Java thread stack sizes (-Xss)
#   Set larger code cache with -XX:ReservedCodeCacheSize=
#   JVM is running with Unscaled Compressed Oops mode in which the Java heap is
#     placed in the first 4GB address space. The Java Heap base address is the
#     maximum limit for the native heap growth. Please use -XX:HeapBaseMinAddress
#     to set the Java Heap base and to place the Java Heap above 4GB virtual address.
# This output file may be truncated or incomplete.
#
#  Out of Memory Error (allocation.cpp:389), pid=36412, tid=0x0000000000009e4c
#
# JRE version: Java(TM) SE Runtime Environment (8.0_212-b10) (build 1.8.0_212-b10)
# Java VM: Java HotSpot(TM) 64-Bit Server VM (25.212-b10 mixed mode windows-amd64 compressed oops)
# Failed to write core dump. Minidumps are not enabled by default on client versions of Windows
#

---------------  T H R E A D  ---------------

Current thread (0x0000000018974000):  JavaThread "C2 CompilerThread1" daemon [_thread_in_native, id=40524, stack(0x0000000019240000,0x0000000019340000)]

Stack: [0x0000000019240000,0x0000000019340000]
[error occurred during error reporting (printing stack bounds), id 0xc0000005]

Native frames: (J=compiled Java code, j=interpreted, Vv=VM code, C=native code)


Current CompileTask:
C2:   4136 1442   !   4       java.net.URLClassLoader$1::run (63 bytes)


---------------  P R O C E S S  ---------------

Java Threads: ( => current thread )
  0x000000001ae9d000 JavaThread "Cache worker for journal cache (D:\Programming\.gradle\caches\journal-1)" [_thread_blocked, id=35596, stack(0x000000001d290000,0x000000001d390000)]
  0x000000001ae9a800 JavaThread "File lock request listener" [_thread_in_native, id=34352, stack(0x000000001d190000,0x000000001d290000)]
  0x000000001aea0000 JavaThread "Cache worker for file hash cache (D:\Programming\.gradle\caches\5.5.1\fileHashes)" [_thread_blocked, id=27120, stack(0x000000001ce90000,0x000000001cf90000)]
  0x000000001ad9e000 JavaThread "Thread-9" [_thread_blocked, id=22888, stack(0x000000001bdc0000,0x000000001bec0000)]
  0x000000001ae91000 JavaThread "Stdin handler" [_thread_blocked, id=31648, stack(0x000000001bcc0000,0x000000001bdc0000)]
  0x000000001ad99000 JavaThread "Asynchronous log dispatcher for DefaultDaemonConnection: socket connection from /127.0.0.1:3271 to /127.0.0.1:3272" [_thread_blocked, id=22344, stack(0x000000001bac0000,0x000000001bbc0000)]
  0x000000001aea3800 JavaThread "Daemon worker" [_thread_in_vm, id=8012, stack(0x000000001b9c0000,0x000000001bac0000)]
  0x000000001aea2000 JavaThread "Cancel handler" [_thread_blocked, id=25880, stack(0x000000001b8c0000,0x000000001b9c0000)]
  0x00000000198f0800 JavaThread "Handler for socket connection from /127.0.0.1:3271 to /127.0.0.1:3272" [_thread_in_native, id=36928, stack(0x000000001b5c0000,0x000000001b6c0000)]
  0x0000000018c5d000 JavaThread "Daemon" [_thread_blocked, id=13736, stack(0x000000001b4c0000,0x000000001b5c0000)]
  0x000000001ad11800 JavaThread "Daemon periodic checks" [_thread_blocked, id=2500, stack(0x000000001b3c0000,0x000000001b4c0000)]
  0x000000001ad10800 JavaThread "Incoming local TCP Connector on port 3271" [_thread_in_native, id=37260, stack(0x000000001b210000,0x000000001b310000)]
  0x0000000018a5f000 JavaThread "Daemon health stats" [_thread_blocked, id=38164, stack(0x000000001af10000,0x000000001b010000)]
  0x0000000018a13000 JavaThread "Service Thread" daemon [_thread_blocked, id=19944, stack(0x0000000019540000,0x0000000019640000)]
  0x0000000018989800 JavaThread "C1 CompilerThread3" daemon [_thread_blocked, id=40424, stack(0x0000000019440000,0x0000000019540000)]
  0x0000000018985800 JavaThread "C2 CompilerThread2" daemon [_thread_in_native, id=12168, stack(0x0000000019340000,0x0000000019440000)]
=>0x0000000018974000 JavaThread "C2 CompilerThread1" daemon [_thread_in_native, id=40524, stack(0x0000000019240000,0x0000000019340000)]
  0x0000000018971000 JavaThread "C2 CompilerThread0" daemon [_thread_in_native, id=21036, stack(0x0000000019140000,0x0000000019240000)]
  0x000000001896d800 JavaThread "Attach Listener" daemon [_thread_blocked, id=7908, stack(0x0000000019040000,0x0000000019140000)]
  0x0000000018919800 JavaThread "Signal Dispatcher" daemon [_thread_blocked, id=6952, stack(0x0000000018f40000,0x0000000019040000)]
  0x0000000018900800 JavaThread "Finalizer" daemon [_thread_blocked, id=4752, stack(0x0000000018de0000,0x0000000018ee0000)]
  0x0000000016b0d000 JavaThread "Reference Handler" daemon [_thread_blocked, id=15284, stack(0x0000000018ce0000,0x0000000018de0000)]
  0x0000000002c52800 JavaThread "main" [_thread_blocked, id=21744, stack(0x0000000002b50000,0x0000000002c50000)]

Other Threads:
  0x0000000016b09000 VMThread [stack: 0x00000000187e0000,0x00000000188e0000] [id=17084]
  0x0000000018a25800 WatcherThread [stack: 0x0000000019640000,0x0000000019740000] [id=29600]

VM state:not at safepoint (normal execution)

VM Mutex/Monitor currently owned by a thread: None

heap address: 0x00000000a0000000, size: 1536 MB, Compressed Oops mode: 32-bit
Narrow klass base: 0x0000000000000000, Narrow klass shift: 3
Compressed class space size: 1073741824 Address: 0x0000000100000000

Heap:
 PSYoungGen      total 33280K, used 23384K [0x00000000e0000000, 0x00000000e2500000, 0x0000000100000000)
  eden space 28672K, 65% used [0x00000000e0000000,0x00000000e125c380,0x00000000e1c00000)
  from space 4608K, 99% used [0x00000000e2080000,0x00000000e24fa020,0x00000000e2500000)
  to   space 4608K, 0% used [0x00000000e1c00000,0x00000000e1c00000,0x00000000e2080000)
 ParOldGen       total 76800K, used 4580K [0x00000000a0000000, 0x00000000a4b00000, 0x00000000e0000000)
  object space 76800K, 5% used [0x00000000a0000000,0x00000000a04792a8,0x00000000a4b00000)
 Metaspace       used 15746K, capacity 16204K, committed 16256K, reserved 1062912K
  class space    used 2296K, capacity 2428K, committed 2432K, reserved 1048576K

Card table byte_map: [0x0000000012110000,0x0000000012420000] byte_map_base: 0x0000000011c10000

Marking Bits: (ParMarkBitMap*) 0x00000000608d5ce0
 Begin Bits: [0x0000000012e20000, 0x0000000014620000)
 End Bits:   [0x0000000014620000, 0x0000000015e20000)

Polling page: 0x0000000000ab0000

CodeCache: size=245760Kb used=5221Kb max_used=5235Kb free=240538Kb
 bounds [0x0000000002d50000, 0x0000000003270000, 0x0000000011d50000]
 total_blobs=1897 nmethods=1505 adapters=305
 compilation: enabled

Compilation events (10 events):
Event: 4.119 Thread 0x0000000018989800 1507       3       java.lang.String::lastIndexOf (151 bytes)
Event: 4.120 Thread 0x0000000018989800 nmethod 1507 0x0000000003267710 code [0x00000000032678c0, 0x0000000003267e10]
Event: 4.124 Thread 0x0000000018989800 1508       3       org.gradle.internal.service.DefaultServiceRegistry$SingletonService::getService (18 bytes)
Event: 4.124 Thread 0x0000000018989800 nmethod 1508 0x0000000003268290 code [0x0000000003268420, 0x0000000003268698]
Event: 4.124 Thread 0x0000000018989800 1509       3       org.gradle.internal.service.DefaultServiceRegistry::access$1200 (6 bytes)
Event: 4.124 Thread 0x0000000018989800 nmethod 1509 0x0000000003268790 code [0x0000000003268900, 0x0000000003268a68]
Event: 4.131 Thread 0x0000000018971000 nmethod 1483% 0x000000000326c650 code [0x000000000326c8e0, 0x000000000326d7f0]
Event: 4.131 Thread 0x0000000018971000 1500       4       java.util.ArrayList$SubList$1::hasNext (20 bytes)
Event: 4.132 Thread 0x0000000018971000 nmethod 1500 0x000000000325ee90 code [0x000000000325efc0, 0x000000000325f058]
Event: 4.133 Thread 0x0000000018971000 1499 %     4       com.google.common.io.LineBuffer::add @ 47 (204 bytes)

GC Heap History (8 events):
Event: 1.143 GC heap before
{Heap before GC invocations=1 (full 0):
 PSYoungGen      total 33280K, used 28672K [0x00000000e0000000, 0x00000000e2500000, 0x0000000100000000)
  eden space 28672K, 100% used [0x00000000e0000000,0x00000000e1c00000,0x00000000e1c00000)
  from space 4608K, 0% used [0x00000000e2080000,0x00000000e2080000,0x00000000e2500000)
  to   space 4608K, 0% used [0x00000000e1c00000,0x00000000e1c00000,0x00000000e2080000)
 ParOldGen       total 76800K, used 0K [0x00000000a0000000, 0x00000000a4b00000, 0x00000000e0000000)
  object space 76800K, 0% used [0x00000000a0000000,0x00000000a0000000,0x00000000a4b00000)
 Metaspace       used 7089K, capacity 7274K, committed 7424K, reserved 1056768K
  class space    used 893K, capacity 942K, committed 1024K, reserved 1048576K
Event: 1.152 GC heap after
Heap after GC invocations=1 (full 0):
 PSYoungGen      total 33280K, used 4607K [0x00000000e0000000, 0x00000000e2500000, 0x0000000100000000)
  eden space 28672K, 0% used [0x00000000e0000000,0x00000000e0000000,0x00000000e1c00000)
  from space 4608K, 99% used [0x00000000e1c00000,0x00000000e207fe38,0x00000000e2080000)
  to   space 4608K, 0% used [0x00000000e2080000,0x00000000e2080000,0x00000000e2500000)
 ParOldGen       total 76800K, used 8K [0x00000000a0000000, 0x00000000a4b00000, 0x00000000e0000000)
  object space 76800K, 0% used [0x00000000a0000000,0x00000000a0002000,0x00000000a4b00000)
 Metaspace       used 7089K, capacity 7274K, committed 7424K, reserved 1056768K
  class space    used 893K, capacity 942K, committed 1024K, reserved 1048576K
}
Event: 1.400 GC heap before
{Heap before GC invocations=2 (full 0):
 PSYoungGen      total 33280K, used 33279K [0x00000000e0000000, 0x00000000e2500000, 0x0000000100000000)
  eden space 28672K, 100% used [0x00000000e0000000,0x00000000e1c00000,0x00000000e1c00000)
  from space 4608K, 99% used [0x00000000e1c00000,0x00000000e207fe38,0x00000000e2080000)
  to   space 4608K, 0% used [0x00000000e2080000,0x00000000e2080000,0x00000000e2500000)
 ParOldGen       total 76800K, used 8K [0x00000000a0000000, 0x00000000a4b00000, 0x00000000e0000000)
  object space 76800K, 0% used [0x00000000a0000000,0x00000000a0002000,0x00000000a4b00000)
 Metaspace       used 7415K, capacity 7684K, committed 7936K, reserved 1056768K
  class space    used 942K, capacity 1015K, committed 1024K, reserved 1048576K
Event: 1.404 GC heap after
Heap after GC invocations=2 (full 0):
 PSYoungGen      total 33280K, used 3637K [0x00000000e0000000, 0x00000000e4100000, 0x0000000100000000)
  eden space 28672K, 0% used [0x00000000e0000000,0x00000000e0000000,0x00000000e1c00000)
  from space 4608K, 78% used [0x00000000e2080000,0x00000000e240d6d0,0x00000000e2500000)
  to   space 4608K, 0% used [0x00000000e1c00000,0x00000000e1c00000,0x00000000e2080000)
 ParOldGen       total 76800K, used 16K [0x00000000a0000000, 0x00000000a4b00000, 0x00000000e0000000)
  object space 76800K, 0% used [0x00000000a0000000,0x00000000a0004000,0x00000000a4b00000)
 Metaspace       used 7415K, capacity 7684K, committed 7936K, reserved 1056768K
  class space    used 942K, capacity 1015K, committed 1024K, reserved 1048576K
}
Event: 3.349 GC heap before
{Heap before GC invocations=3 (full 0):
 PSYoungGen      total 33280K, used 32309K [0x00000000e0000000, 0x00000000e4100000, 0x0000000100000000)
  eden space 28672K, 100% used [0x00000000e0000000,0x00000000e1c00000,0x00000000e1c00000)
  from space 4608K, 78% used [0x00000000e2080000,0x00000000e240d6d0,0x00000000e2500000)
  to   space 4608K, 0% used [0x00000000e1c00000,0x00000000e1c00000,0x00000000e2080000)
 ParOldGen       total 76800K, used 16K [0x00000000a0000000, 0x00000000a4b00000, 0x00000000e0000000)
  object space 76800K, 0% used [0x00000000a0000000,0x00000000a0004000,0x00000000a4b00000)
 Metaspace       used 12170K, capacity 12574K, committed 12800K, reserved 1060864K
  class space    used 1665K, capacity 1787K, committed 1792K, reserved 1048576K
Event: 3.359 GC heap after
Heap after GC invocations=3 (full 0):
 PSYoungGen      total 33280K, used 4584K [0x00000000e0000000, 0x00000000e2500000, 0x0000000100000000)
  eden space 28672K, 0% used [0x00000000e0000000,0x00000000e0000000,0x00000000e1c00000)
  from space 4608K, 99% used [0x00000000e1c00000,0x00000000e207a020,0x00000000e2080000)
  to   space 4608K, 0% used [0x00000000e2080000,0x00000000e2080000,0x00000000e2500000)
 ParOldGen       total 76800K, used 1814K [0x00000000a0000000, 0x00000000a4b00000, 0x00000000e0000000)
  object space 76800K, 2% used [0x00000000a0000000,0x00000000a01c5b58,0x00000000a4b00000)
 Metaspace       used 12170K, capacity 12574K, committed 12800K, reserved 1060864K
  class space    used 1665K, capacity 1787K, committed 1792K, reserved 1048576K
}
Event: 3.808 GC heap before
{Heap before GC invocations=4 (full 0):
 PSYoungGen      total 33280K, used 33256K [0x00000000e0000000, 0x00000000e2500000, 0x0000000100000000)
  eden space 28672K, 100% used [0x00000000e0000000,0x00000000e1c00000,0x00000000e1c00000)
  from space 4608K, 99% used [0x00000000e1c00000,0x00000000e207a020,0x00000000e2080000)
  to   space 4608K, 0% used [0x00000000e2080000,0x00000000e2080000,0x00000000e2500000)
 ParOldGen       total 76800K, used 1814K [0x00000000a0000000, 0x00000000a4b00000, 0x00000000e0000000)
  object space 76800K, 2% used [0x00000000a0000000,0x00000000a01c5b58,0x00000000a4b00000)
 Metaspace       used 14396K, capacity 14782K, committed 14976K, reserved 1062912K
  class space    used 2063K, capacity 2163K, committed 2176K, reserved 1048576K
Event: 3.817 GC heap after
Heap after GC invocations=4 (full 0):
 PSYoungGen      total 33280K, used 4584K [0x00000000e0000000, 0x00000000e2500000, 0x0000000100000000)
  eden space 28672K, 0% used [0x00000000e0000000,0x00000000e0000000,0x00000000e1c00000)
  from space 4608K, 99% used [0x00000000e2080000,0x00000000e24fa020,0x00000000e2500000)
  to   space 4608K, 0% used [0x00000000e1c00000,0x00000000e1c00000,0x00000000e2080000)
 ParOldGen       total 76800K, used 4580K [0x00000000a0000000, 0x00000000a4b00000, 0x00000000e0000000)
  object space 76800K, 5% used [0x00000000a0000000,0x00000000a04792a8,0x00000000a4b00000)
 Metaspace       used 14396K, capacity 14782K, committed 14976K, reserved 1062912K
  class space    used 2063K, capacity 2163K, committed 2176K, reserved 1048576K
}

Deoptimization events (10 events):
Event: 3.301 Thread 0x000000001aea3800 Uncommon trap: reason=bimorphic action=maybe_recompile pc=0x0000000002fe02b8 method=java.util.HashMap.putVal(ILjava/lang/Object;Ljava/lang/Object;ZZ)Ljava/lang/Object; @ 253
Event: 3.301 Thread 0x000000001aea3800 Uncommon trap: reason=bimorphic action=maybe_recompile pc=0x0000000002fe02b8 method=java.util.HashMap.putVal(ILjava/lang/Object;Ljava/lang/Object;ZZ)Ljava/lang/Object; @ 253
Event: 3.302 Thread 0x000000001aea3800 Uncommon trap: reason=bimorphic action=maybe_recompile pc=0x0000000002fe02b8 method=java.util.HashMap.putVal(ILjava/lang/Object;Ljava/lang/Object;ZZ)Ljava/lang/Object; @ 253
Event: 3.302 Thread 0x000000001aea3800 Uncommon trap: reason=bimorphic action=maybe_recompile pc=0x0000000002fe02b8 method=java.util.HashMap.putVal(ILjava/lang/Object;Ljava/lang/Object;ZZ)Ljava/lang/Object; @ 253
Event: 3.302 Thread 0x000000001aea3800 Uncommon trap: reason=bimorphic action=maybe_recompile pc=0x0000000002fe44bc method=java.util.HashMap.putVal(ILjava/lang/Object;Ljava/lang/Object;ZZ)Ljava/lang/Object; @ 253
Event: 3.628 Thread 0x000000001aea3800 Uncommon trap: reason=class_check action=maybe_recompile pc=0x00000000030082dc method=java.util.regex.Matcher.match(II)Z @ 86
Event: 3.638 Thread 0x000000001aea3800 Uncommon trap: reason=class_check action=maybe_recompile pc=0x00000000030082dc method=java.util.regex.Matcher.match(II)Z @ 86
Event: 3.639 Thread 0x000000001aea3800 Uncommon trap: reason=class_check action=maybe_recompile pc=0x00000000030082dc method=java.util.regex.Matcher.match(II)Z @ 86
Event: 3.639 Thread 0x000000001aea3800 Uncommon trap: reason=class_check action=maybe_recompile pc=0x0000000002fc9d48 method=java.util.regex.Matcher.match(II)Z @ 86
Event: 4.024 Thread 0x000000001aea3800 Uncommon trap: reason=unstable_if action=reinterpret pc=0x0000000003105cbc method=java.lang.String.lastIndexOf([CII[CIII)I @ 66

Classes redefined (0 events):
No events

Internal exceptions (10 events):
Event: 3.202 Thread 0x00000000198f0800 Exception <a 'java/lang/NoSuchMethodError': <clinit>> (0x00000000e17f9448) thrown at [C:\re\workspace\8-2-build-windows-amd64-cygwin\jdk8u212\12974\hotspot\src\share\vm\prims\jni.cpp, line 1614]
Event: 3.209 Thread 0x00000000198f0800 Exception <a 'java/lang/NoSuchMethodError': <clinit>> (0x00000000e180c5a8) thrown at [C:\re\workspace\8-2-build-windows-amd64-cygwin\jdk8u212\12974\hotspot\src\share\vm\prims\jni.cpp, line 1614]
Event: 3.215 Thread 0x00000000198f0800 Exception <a 'java/lang/NoSuchMethodError': <clinit>> (0x00000000e18339b8) thrown at [C:\re\workspace\8-2-build-windows-amd64-cygwin\jdk8u212\12974\hotspot\src\share\vm\prims\jni.cpp, line 1614]
Event: 3.220 Thread 0x00000000198f0800 Exception <a 'java/lang/NoSuchMethodError': <clinit>> (0x00000000e184ba00) thrown at [C:\re\workspace\8-2-build-windows-amd64-cygwin\jdk8u212\12974\hotspot\src\share\vm\prims\jni.cpp, line 1614]
Event: 3.221 Thread 0x00000000198f0800 Exception <a 'java/lang/NoSuchMethodError': <clinit>> (0x00000000e1854690) thrown at [C:\re\workspace\8-2-build-windows-amd64-cygwin\jdk8u212\12974\hotspot\src\share\vm\prims\jni.cpp, line 1614]
Event: 3.225 Thread 0x00000000198f0800 Exception <a 'java/lang/NoSuchMethodError': <clinit>> (0x00000000e186ac80) thrown at [C:\re\workspace\8-2-build-windows-amd64-cygwin\jdk8u212\12974\hotspot\src\share\vm\prims\jni.cpp, line 1614]
Event: 3.242 Thread 0x00000000198f0800 Exception <a 'java/lang/NoSuchMethodError': <clinit>> (0x00000000e18c91a8) thrown at [C:\re\workspace\8-2-build-windows-amd64-cygwin\jdk8u212\12974\hotspot\src\share\vm\prims\jni.cpp, line 1614]
Event: 3.249 Thread 0x00000000198f0800 Exception <a 'java/lang/NoSuchMethodError': <clinit>> (0x00000000e18f5ef8) thrown at [C:\re\workspace\8-2-build-windows-amd64-cygwin\jdk8u212\12974\hotspot\src\share\vm\prims\jni.cpp, line 1614]
Event: 3.258 Thread 0x00000000198f0800 Exception <a 'java/lang/NoSuchMethodError': <clinit>> (0x00000000e1923f38) thrown at [C:\re\workspace\8-2-build-windows-amd64-cygwin\jdk8u212\12974\hotspot\src\share\vm\prims\jni.cpp, line 1614]
Event: 3.259 Thread 0x00000000198f0800 Exception <a 'java/lang/NoSuchMethodError': <clinit>> (0x00000000e192f340) thrown at [C:\re\workspace\8-2-build-windows-amd64-cygwin\jdk8u212\12974\hotspot\src\share\vm\prims\jni.cpp, line 1614]

Events (10 events):
Event: 4.129 Executing VM operation: Deoptimize
Event: 4.130 Executing VM operation: Deoptimize done
Event: 4.130 loading class com/google/common/collect/LinkedHashMultimap
Event: 4.130 loading class com/google/common/collect/LinkedHashMultimap done
Event: 4.131 loading class com/google/common/collect/LinkedHashMultimapGwtSerializationDependencies
Event: 4.131 loading class com/google/common/collect/LinkedHashMultimapGwtSerializationDependencies done
Event: 4.132 loading class com/google/common/collect/AbstractSetMultimap
Event: 4.132 loading class com/google/common/collect/AbstractSetMultimap done
Event: 4.134 loading class com/google/common/collect/CompactLinkedHashMap
Event: 4.134 loading class com/google/common/collect/CompactLinkedHashMap done


Dynamic libraries:
0x00007ff706cb0000 - 0x00007ff706ce7000 	C:\Program Files\Java\jdk1.8.0_212\bin\java.exe
0x00007ffef68a0000 - 0x00007ffef6a90000 	C:\WINDOWS\SYSTEM32\ntdll.dll
0x00007ffef6680000 - 0x00007ffef6732000 	C:\WINDOWS\System32\KERNEL32.DLL
0x00007ffef4650000 - 0x00007ffef48f4000 	C:\WINDOWS\System32\KERNELBASE.dll
0x00007ffef5550000 - 0x00007ffef55f3000 	C:\WINDOWS\System32\ADVAPI32.dll
0x00007ffef5860000 - 0x00007ffef58fe000 	C:\WINDOWS\System32\msvcrt.dll
0x00007ffef54b0000 - 0x00007ffef5547000 	C:\WINDOWS\System32\sechost.dll
0x00007ffef56d0000 - 0x00007ffef57f0000 	C:\WINDOWS\System32\RPCRT4.dll
0x00007ffef4ec0000 - 0x00007ffef5054000 	C:\WINDOWS\System32\USER32.dll
0x00007ffef4520000 - 0x00007ffef4541000 	C:\WINDOWS\System32\win32u.dll
0x00007ffef5060000 - 0x00007ffef5086000 	C:\WINDOWS\System32\GDI32.dll
0x00007ffef4380000 - 0x00007ffef4515000 	C:\WINDOWS\System32\gdi32full.dll
0x00007ffef45b0000 - 0x00007ffef464e000 	C:\WINDOWS\System32\msvcp_win.dll
0x00007ffef3a50000 - 0x00007ffef3b4a000 	C:\WINDOWS\System32\ucrtbase.dll
0x00007ffedc330000 - 0x00007ffedc5b4000 	C:\WINDOWS\WinSxS\amd64_microsoft.windows.common-controls_6595b64144ccf1df_6.0.18362.900_none_e6beb9d913147d17\COMCTL32.dll
0x00007ffef4b70000 - 0x00007ffef4ea5000 	C:\WINDOWS\System32\combase.dll
0x00007ffef3880000 - 0x00007ffef3900000 	C:\WINDOWS\System32\bcryptPrimitives.dll
0x00007ffef4950000 - 0x00007ffef497e000 	C:\WINDOWS\System32\IMM32.DLL
0x0000000060960000 - 0x0000000060a32000 	C:\Program Files\Java\jdk1.8.0_212\jre\bin\msvcr100.dll
0x00000000600b0000 - 0x0000000060955000 	C:\Program Files\Java\jdk1.8.0_212\jre\bin\server\jvm.dll
0x00007ffef6740000 - 0x00007ffef6748000 	C:\WINDOWS\System32\PSAPI.DLL
0x00007ffee30d0000 - 0x00007ffee30d9000 	C:\WINDOWS\SYSTEM32\WSOCK32.dll
0x00007ffeeaf10000 - 0x00007ffeeaf1a000 	C:\WINDOWS\SYSTEM32\VERSION.dll
0x00007ffef57f0000 - 0x00007ffef585f000 	C:\WINDOWS\System32\WS2_32.dll
0x00007ffef0d90000 - 0x00007ffef0db4000 	C:\WINDOWS\SYSTEM32\WINMM.dll
0x00007ffef0d60000 - 0x00007ffef0d8d000 	C:\WINDOWS\SYSTEM32\WINMMBASE.dll
0x00007ffef3830000 - 0x00007ffef387a000 	C:\WINDOWS\System32\cfgmgr32.dll
0x00007ffef1240000 - 0x00007ffef124f000 	C:\Program Files\Java\jdk1.8.0_212\jre\bin\verify.dll
0x00007ffeec3e0000 - 0x00007ffeec409000 	C:\Program Files\Java\jdk1.8.0_212\jre\bin\java.dll
0x00007ffeed710000 - 0x00007ffeed726000 	C:\Program Files\Java\jdk1.8.0_212\jre\bin\zip.dll
0x00007ffef5e60000 - 0x00007ffef6546000 	C:\WINDOWS\System32\SHELL32.dll
0x00007ffef6750000 - 0x00007ffef67f9000 	C:\WINDOWS\System32\shcore.dll
0x00007ffef3c00000 - 0x00007ffef4380000 	C:\WINDOWS\System32\windows.storage.dll
0x00007ffef37e0000 - 0x00007ffef3803000 	C:\WINDOWS\System32\profapi.dll
0x00007ffef3790000 - 0x00007ffef37da000 	C:\WINDOWS\System32\powrprof.dll
0x00007ffef3760000 - 0x00007ffef3770000 	C:\WINDOWS\System32\UMPDC.dll
0x00007ffef5e00000 - 0x00007ffef5e52000 	C:\WINDOWS\System32\shlwapi.dll
0x00007ffef3770000 - 0x00007ffef3781000 	C:\WINDOWS\System32\kernel.appcore.dll
0x00007ffef4900000 - 0x00007ffef4917000 	C:\WINDOWS\System32\cryptsp.dll
0x00007ffeec4f0000 - 0x00007ffeec50a000 	C:\Program Files\Java\jdk1.8.0_212\jre\bin\net.dll
0x00007ffee87b0000 - 0x00007ffee8986000 	C:\WINDOWS\SYSTEM32\urlmon.dll
0x00007ffee8210000 - 0x00007ffee84b6000 	C:\WINDOWS\SYSTEM32\iertutil.dll
0x00007ffef3140000 - 0x00007ffef314c000 	C:\WINDOWS\SYSTEM32\CRYPTBASE.DLL
0x00007ffef2f70000 - 0x00007ffef2fd7000 	C:\WINDOWS\system32\mswsock.dll
0x00007ffeec3c0000 - 0x00007ffeec3d2000 	C:\Program Files\Java\jdk1.8.0_212\jre\bin\nio.dll
0x00007ffeefb40000 - 0x00007ffeefb66000 	D:\Programming\.gradle\native\29\windows-amd64\native-platform.dll
0x00007ffeefd70000 - 0x00007ffeefd7d000 	C:\Program Files\Java\jdk1.8.0_212\jre\bin\management.dll
0x00007ffef2ae0000 - 0x00007ffef2b13000 	C:\WINDOWS\system32\rsaenh.dll
0x00007ffef4920000 - 0x00007ffef4946000 	C:\WINDOWS\System32\bcrypt.dll
0x00007ffef3680000 - 0x00007ffef36a5000 	C:\WINDOWS\SYSTEM32\USERENV.dll
0x00007ffef2c80000 - 0x00007ffef2cba000 	C:\WINDOWS\SYSTEM32\IPHLPAPI.DLL
0x00007ffef5d70000 - 0x00007ffef5d78000 	C:\WINDOWS\System32\NSI.dll
0x00007ffeeaf30000 - 0x00007ffeeaf46000 	C:\WINDOWS\SYSTEM32\dhcpcsvc6.DLL
0x00007ffeeb020000 - 0x00007ffeeb03c000 	C:\WINDOWS\SYSTEM32\dhcpcsvc.DLL
0x00007ffef2cc0000 - 0x00007ffef2d8b000 	C:\WINDOWS\SYSTEM32\DNSAPI.dll

VM Arguments:
jvm_args: -Xmx1536m -Dfile.encoding=GBK -Duser.country=CN -Duser.language=zh -Duser.variant 
java_command: org.gradle.launcher.daemon.bootstrap.GradleDaemon 5.5.1
java_class_path (initial): D:\Programming\.gradle\wrapper\dists\gradle-5.5.1-all\8yl0syll3fr5m1v472nzznadi\gradle-5.5.1\lib\gradle-launcher-5.5.1.jar
Launcher Type: SUN_STANDARD

Environment Variables:
JAVA_HOME=C:\Program Files\Java\jdk1.8.0_212\
PATH=C:\Program Files\Java\jdk1.8.0_212\\bin\;C:\WINDOWS\system32;C:\WINDOWS;C:\WINDOWS\System32\Wbem;C:\WINDOWS\System32\WindowsPowerShell\v1.0\;C:\WINDOWS\System32\OpenSSH\;C:\Program Files\Intel\WiFi\bin\;C:\Program Files\Common Files\Intel\WirelessCommon\;D:\Program Files\Git\cmd;D:\Program Files\Matlab R2019a\runtime\win64;D:\Program Files\Matlab R2019a\bin;D:\Program Files\Matlab R2019a\polyspace\bin;D:\Programming\apache-maven-3.6.2\bin;C:\Program Files (x86)\Common Files\Thunder Network\KanKan\Codecs;D:\Programming\mingw64\bin;D:\Program Files\Rational\common;D:\Programming\nodejs\;D:\Programming\Android\android-sdk\platform-tools;C:\Users\Z-P-J\AppData\Local\Programs\Python\Python37\;C:\Users\Z-P-J\AppData\Local\Programs\Python\Python37\Scripts\;C:\Program Files\MySQL\MySQL Shell 8.0\bin\;D:\Program Files\Microsoft VS Code\bin;C:\Users\Z-P-J\AppData\Local\GitHubDesktop\bin;C:\Users\Z-P-J\AppData\Local\Microsoft\WindowsApps;C:\Users\Z-P-J\AppData\Roaming\npm;C:\Python27;C:\Python27\Scripts;
USERNAME=Z-P-J
OS=Windows_NT
PROCESSOR_IDENTIFIER=AMD64 Family 23 Model 24 Stepping 1, AuthenticAMD



---------------  S Y S T E M  ---------------

OS: Windows 10.0 , 64 bit Build 18362 (10.0.18362.900)

CPU:total 8 (initial active 8) (8 cores per cpu, 1 threads per core) family 23 model 24 stepping 1, cmov, cx8, fxsr, mmx, sse, sse2, sse3, ssse3, sse4.1, sse4.2, popcnt, avx, avx2, aes, clmul, mmxext, 3dnowpref, lzcnt, sse4a, tsc, tscinvbit, tscinv, bmi1

Memory: 4k page, physical 7277196k(777136k free), swap 17762952k(5180k free)

vm_info: Java HotSpot(TM) 64-Bit Server VM (25.212-b10) for windows-amd64 JRE (1.8.0_212-b10), built on Apr  1 2019 22:50:23 by "java_re" with MS VC++ 10.0 (VS2010)

time: Sun Jul 05 00:15:21 2020
timezone: 中国标准时间
elapsed time: 4 seconds (0d 0h 0m 4s)

