#
# There is insufficient memory for the Java Runtime Environment to continue.
# Native memory allocation (malloc) failed to allocate 1154256 bytes for Chunk::new
# Possible reasons:
#   The system is out of physical RAM or swap space
#   The process is running with CompressedOops enabled, and the Java Heap may be blocking the growth of the native heap
# Possible solutions:
#   Reduce memory load on the system
#   Increase physical memory or swap space
#   Check if swap backing store is full
#   Decrease Java heap size (-Xmx/-Xms)
#   Decrease number of Java threads
#   Decrease Java thread stack sizes (-Xss)
#   Set larger code cache with -XX:ReservedCodeCacheSize=
#   JVM is running with Unscaled Compressed Oops mode in which the Java heap is
#     placed in the first 4GB address space. The Java Heap base address is the
#     maximum limit for the native heap growth. Please use -XX:HeapBaseMinAddress
#     to set the Java Heap base and to place the Java Heap above 4GB virtual address.
# This output file may be truncated or incomplete.
#
#  Out of Memory Error (allocation.cpp:389), pid=58572, tid=0x000000000000df10
#
# JRE version: Java(TM) SE Runtime Environment (8.0_212-b10) (build 1.8.0_212-b10)
# Java VM: Java HotSpot(TM) 64-Bit Server VM (25.212-b10 mixed mode windows-amd64 compressed oops)
# Failed to write core dump. Minidumps are not enabled by default on client versions of Windows
#

---------------  T H R E A D  ---------------

Current thread (0x0000000018b36800):  JavaThread "C2 CompilerThread0" daemon [_thread_in_native, id=57104, stack(0x00000000192a0000,0x00000000193a0000)]

Stack: [0x00000000192a0000,0x00000000193a0000]
[error occurred during error reporting (printing stack bounds), id 0xc0000005]

Native frames: (J=compiled Java code, j=interpreted, Vv=VM code, C=native code)


Current CompileTask:
C2: 635182 23976       4       com.sun.tools.javac.comp.Attr::visitNewClass (1771 bytes)


---------------  P R O C E S S  ---------------

Java Threads: ( => current thread )
  0x000000001cd26000 JavaThread "Cache worker for Java compile cache (D:\Programming\AndroidProjects\sjly\.gradle\5.5.1\javaCompile)" [_thread_blocked, id=36140, stack(0x0000000028ca0000,0x0000000028da0000)]
  0x000000001cd29000 JavaThread "Cache worker for execution history cache (D:\Programming\AndroidProjects\sjly\.gradle\5.5.1\executionHistory)" [_thread_blocked, id=60448, stack(0x0000000028aa0000,0x0000000028ba0000)]
  0x000000001cd2b000 JavaThread "Execution worker for ':' Thread 7" [_thread_blocked, id=28976, stack(0x00000000289a0000,0x0000000028aa0000)]
  0x000000001cd26800 JavaThread "Execution worker for ':' Thread 6" [_thread_blocked, id=57776, stack(0x00000000288a0000,0x00000000289a0000)]
  0x00000000214a6000 JavaThread "Execution worker for ':' Thread 5" [_thread_blocked, id=55420, stack(0x00000000287a0000,0x00000000288a0000)]
  0x00000000214a5800 JavaThread "Execution worker for ':' Thread 4" [_thread_in_native, id=47564, stack(0x00000000286a0000,0x00000000287a0000)]
  0x00000000214a4000 JavaThread "Execution worker for ':' Thread 3" [_thread_blocked, id=58600, stack(0x00000000285a0000,0x00000000286a0000)]
  0x00000000214a3000 JavaThread "Execution worker for ':' Thread 2" [_thread_blocked, id=59488, stack(0x00000000283a0000,0x00000000284a0000)]
  0x00000000214a8800 JavaThread "Execution worker for ':'" [_thread_blocked, id=29336, stack(0x00000000280a0000,0x00000000281a0000)]
  0x00000000214a4800 JavaThread "Cache worker for file content cache (D:\Programming\AndroidProjects\sjly\.gradle\5.5.1\fileContent)" [_thread_blocked, id=32804, stack(0x0000000026720000,0x0000000026820000)]
  0x00000000214a7000 JavaThread "Cache worker for Build Output Cleanup Cache (D:\Programming\AndroidProjects\sjly\.gradle\buildOutputCleanup)" [_thread_blocked, id=58900, stack(0x0000000024ca0000,0x0000000024da0000)]
  0x00000000214a7800 JavaThread "pool-13-thread-1" [_thread_blocked, id=19016, stack(0x0000000022c50000,0x0000000022d50000)]
  0x00000000214a2800 JavaThread "Build operations Thread 8" [_thread_blocked, id=60048, stack(0x0000000022950000,0x0000000022a50000)]
  0x000000002149b000 JavaThread "Build operations Thread 7" [_thread_blocked, id=57736, stack(0x0000000022250000,0x0000000022350000)]
  0x000000002149f800 JavaThread "Build operations Thread 6" [_thread_blocked, id=59388, stack(0x0000000022150000,0x0000000022250000)]
  0x00000000214a1800 JavaThread "Build operations Thread 5" [_thread_blocked, id=59496, stack(0x0000000022050000,0x0000000022150000)]
  0x000000002149e800 JavaThread "Build operations Thread 4" [_thread_blocked, id=55324, stack(0x0000000021f50000,0x0000000022050000)]
  0x000000002149c800 JavaThread "Build operations Thread 3" [_thread_blocked, id=57540, stack(0x0000000021e50000,0x0000000021f50000)]
  0x000000002149b800 JavaThread "Build operations Thread 2" [_thread_blocked, id=60424, stack(0x0000000021d50000,0x0000000021e50000)]
  0x000000002149a000 JavaThread "Build operations" [_thread_blocked, id=47812, stack(0x0000000020180000,0x0000000020280000)]
  0x0000000020cc8000 JavaThread "Cache worker for cache directory md-rule (D:\Programming\.gradle\caches\5.5.1\md-rule)" [_thread_blocked, id=61288, stack(0x000000001e850000,0x000000001e950000)]
  0x0000000020cc7800 JavaThread "Cache worker for cache directory md-supplier (D:\Programming\.gradle\caches\5.5.1\md-supplier)" [_thread_blocked, id=59748, stack(0x000000001e500000,0x000000001e600000)]
  0x0000000020ccc800 JavaThread "Cache worker for file hash cache (D:\Programming\AndroidProjects\sjly\.gradle\5.5.1\fileHashes)" [_thread_blocked, id=50248, stack(0x000000001bc60000,0x000000001bd60000)]
  0x0000000020cc3000 JavaThread "Thread-98" [_thread_blocked, id=24052, stack(0x000000001bb60000,0x000000001bc60000)]
  0x0000000020cc9800 JavaThread "Stdin handler" [_thread_blocked, id=57088, stack(0x000000001ba60000,0x000000001bb60000)]
  0x0000000020cc9000 JavaThread "Asynchronous log dispatcher for DefaultDaemonConnection: socket connection from /127.0.0.1:6237 to /127.0.0.1:6357" [_thread_blocked, id=10960, stack(0x000000001b760000,0x000000001b860000)]
  0x0000000020cbf000 JavaThread "Daemon worker Thread 3" [_thread_blocked, id=60472, stack(0x000000001b660000,0x000000001b760000)]
  0x0000000020cc2000 JavaThread "Cancel handler" [_thread_blocked, id=55316, stack(0x0000000000f40000,0x0000000001040000)]
  0x0000000020cc0800 JavaThread "Handler for socket connection from /127.0.0.1:6237 to /127.0.0.1:6357" [_thread_in_native, id=47468, stack(0x0000000000e40000,0x0000000000f40000)]
  0x0000000020cc6000 JavaThread "Daemon Thread 3" [_thread_blocked, id=18788, stack(0x0000000000c20000,0x0000000000d20000)]
  0x000000001cd2f800 JavaThread "Cache worker for Java compile cache (D:\Programming\.gradle\caches\5.5.1\javaCompile)" [_thread_blocked, id=59688, stack(0x00000000293a0000,0x00000000294a0000)]
  0x000000001cd28000 JavaThread "Cache worker for file content cache (D:\Programming\.gradle\caches\5.5.1\fileContent)" [_thread_blocked, id=39524, stack(0x00000000284a0000,0x00000000285a0000)]
  0x0000000020ccd800 JavaThread "Memory manager" [_thread_blocked, id=60712, stack(0x0000000023350000,0x0000000023450000)]
  0x000000001a60a800 JavaThread "Cache worker for execution history cache (D:\Programming\.gradle\caches\5.5.1\executionHistory)" [_thread_blocked, id=61028, stack(0x0000000020480000,0x0000000020580000)]
  0x000000001a606000 JavaThread "Cache worker for journal cache (D:\Programming\.gradle\caches\journal-1)" [_thread_blocked, id=22740, stack(0x000000001c460000,0x000000001c560000)]
  0x000000001a605800 JavaThread "File lock request listener" [_thread_in_native, id=55380, stack(0x000000001c360000,0x000000001c460000)]
  0x000000001a60b800 JavaThread "Cache worker for file hash cache (D:\Programming\.gradle\caches\5.5.1\fileHashes)" [_thread_blocked, id=61064, stack(0x000000001c260000,0x000000001c360000)]
  0x000000001aac2800 JavaThread "Daemon periodic checks" [_thread_blocked, id=58424, stack(0x000000001b560000,0x000000001b660000)]
  0x000000001aac1000 JavaThread "Incoming local TCP Connector on port 6237" [_thread_in_native, id=61124, stack(0x000000001b460000,0x000000001b560000)]
  0x0000000018e6b800 JavaThread "Daemon health stats" [_thread_blocked, id=52268, stack(0x00000000198a0000,0x00000000199a0000)]
  0x0000000018bcc800 JavaThread "Service Thread" daemon [_thread_blocked, id=61072, stack(0x00000000196a0000,0x00000000197a0000)]
  0x0000000018b44800 JavaThread "C1 CompilerThread3" daemon [_thread_blocked, id=45128, stack(0x00000000195a0000,0x00000000196a0000)]
  0x0000000018b41000 JavaThread "C2 CompilerThread2" daemon [_thread_in_native, id=61220, stack(0x00000000194a0000,0x00000000195a0000)]
  0x0000000018b3d000 JavaThread "C2 CompilerThread1" daemon [_thread_blocked, id=59220, stack(0x00000000193a0000,0x00000000194a0000)]
=>0x0000000018b36800 JavaThread "C2 CompilerThread0" daemon [_thread_in_native, id=57104, stack(0x00000000192a0000,0x00000000193a0000)]
  0x0000000018b2b000 JavaThread "Attach Listener" daemon [_thread_blocked, id=55616, stack(0x00000000191a0000,0x00000000192a0000)]
  0x0000000018ad8000 JavaThread "Signal Dispatcher" daemon [_thread_blocked, id=58500, stack(0x00000000190a0000,0x00000000191a0000)]
  0x0000000018ac1000 JavaThread "Finalizer" daemon [_thread_blocked, id=9544, stack(0x0000000018fa0000,0x00000000190a0000)]
  0x0000000018ac0800 JavaThread "Reference Handler" daemon [_thread_blocked, id=59972, stack(0x0000000018ea0000,0x0000000018fa0000)]
  0x0000000002e22800 JavaThread "main" [_thread_blocked, id=57352, stack(0x00000000029b0000,0x0000000002ab0000)]

Other Threads:
  0x0000000016cd9800 VMThread [stack: 0x00000000189a0000,0x0000000018aa0000] [id=59468]
  0x0000000018b9e800 WatcherThread [stack: 0x00000000197a0000,0x00000000198a0000] [id=61136]

VM state:not at safepoint (normal execution)

VM Mutex/Monitor currently owned by a thread: None

heap address: 0x00000000a0000000, size: 1536 MB, Compressed Oops mode: 32-bit
Narrow klass base: 0x0000000000000000, Narrow klass shift: 3
Compressed class space size: 1073741824 Address: 0x0000000100000000

Heap:
 PSYoungGen      total 352768K, used 27423K [0x00000000e0000000, 0x00000000ffa80000, 0x0000000100000000)
  eden space 202752K, 7% used [0x00000000e0000000,0x00000000e0e77d50,0x00000000ec600000)
  from space 150016K, 8% used [0x00000000ec600000,0x00000000ed250210,0x00000000f5880000)
  to   space 148992K, 0% used [0x00000000f6900000,0x00000000f6900000,0x00000000ffa80000)
 ParOldGen       total 487424K, used 352418K [0x00000000a0000000, 0x00000000bdc00000, 0x00000000e0000000)
  object space 487424K, 72% used [0x00000000a0000000,0x00000000b5828898,0x00000000bdc00000)
 Metaspace       used 100774K, capacity 106439K, committed 107520K, reserved 1142784K
  class space    used 12835K, capacity 14030K, committed 14336K, reserved 1048576K

Card table byte_map: [0x00000000122e0000,0x00000000125f0000] byte_map_base: 0x0000000011de0000

Marking Bits: (ParMarkBitMap*) 0x00000000509f5ce0
 Begin Bits: [0x0000000012ff0000, 0x00000000147f0000)
 End Bits:   [0x00000000147f0000, 0x0000000015ff0000)

Polling page: 0x0000000001100000

CodeCache: size=245760Kb used=68084Kb max_used=68096Kb free=177675Kb
 bounds [0x0000000002f20000, 0x0000000007200000, 0x0000000011f20000]
 total_blobs=19145 nmethods=18243 adapters=813
 compilation: enabled

Compilation events (10 events):
Event: 635.036 Thread 0x0000000018b44800 24020       3       com.sun.tools.javac.tree.JCTree$JCAssignOp::accept (6 bytes)
Event: 635.037 Thread 0x0000000018b44800 nmethod 24020 0x00000000071e7990 code [0x00000000071e7b00, 0x00000000071e7d28]
Event: 635.042 Thread 0x0000000018b44800 24021       3       com.sun.tools.javac.jvm.ClassWriter$StackMapTableFrame$AppendFrame::write (116 bytes)
Event: 635.043 Thread 0x0000000018b44800 nmethod 24021 0x00000000071f0e50 code [0x00000000071f1100, 0x00000000071f2338]
Event: 635.065 Thread 0x0000000018b44800 24022   !   3       com.sun.tools.javac.main.JavaCompiler$1ScanNested::visitClassDef (143 bytes)
Event: 635.067 Thread 0x0000000018b44800 nmethod 24022 0x00000000071f2bd0 code [0x00000000071f2e60, 0x00000000071f4248]
Event: 635.093 Thread 0x0000000018b3d000 24023       4       com.sun.tools.javac.jvm.Gen::visitIf (129 bytes)
Event: 635.112 Thread 0x0000000018b3d000 nmethod 24023 0x00000000071f6dd0 code [0x00000000071f7020, 0x00000000071f7958]
Event: 635.112 Thread 0x0000000018b3d000 24024       4       com.sun.tools.javac.main.JavaCompiler::shouldStop (32 bytes)
Event: 635.119 Thread 0x0000000018b3d000 nmethod 24024 0x00000000071e6e10 code [0x00000000071e6fc0, 0x00000000071e7390]

GC Heap History (10 events):
Event: 628.625 GC heap before
{Heap before GC invocations=40 (full 6):
 PSYoungGen      total 251904K, used 251713K [0x00000000e0000000, 0x00000000ff880000, 0x0000000100000000)
  eden space 175104K, 100% used [0x00000000e0000000,0x00000000eab00000,0x00000000eab00000)
  from space 76800K, 99% used [0x00000000eab00000,0x00000000ef5d0720,0x00000000ef600000)
  to   space 169984K, 0% used [0x00000000f5280000,0x00000000f5280000,0x00000000ff880000)
 ParOldGen       total 447488K, used 361982K [0x00000000a0000000, 0x00000000bb500000, 0x00000000e0000000)
  object space 447488K, 80% used [0x00000000a0000000,0x00000000b617f8b0,0x00000000bb500000)
 Metaspace       used 103547K, capacity 109279K, committed 109568K, reserved 1144832K
  class space    used 13081K, capacity 14294K, committed 14336K, reserved 1048576K
Event: 628.753 GC heap after
Heap after GC invocations=40 (full 6):
 PSYoungGen      total 356864K, used 52522K [0x00000000e0000000, 0x00000000fff80000, 0x0000000100000000)
  eden space 186880K, 0% used [0x00000000e0000000,0x00000000e0000000,0x00000000eb680000)
  from space 169984K, 30% used [0x00000000f5280000,0x00000000f85ca910,0x00000000ff880000)
  to   space 159744K, 0% used [0x00000000eb680000,0x00000000eb680000,0x00000000f5280000)
 ParOldGen       total 447488K, used 436180K [0x00000000a0000000, 0x00000000bb500000, 0x00000000e0000000)
  object space 447488K, 97% used [0x00000000a0000000,0x00000000ba9f5278,0x00000000bb500000)
 Metaspace       used 103547K, capacity 109279K, committed 109568K, reserved 1144832K
  class space    used 13081K, capacity 14294K, committed 14336K, reserved 1048576K
}
Event: 628.753 GC heap before
{Heap before GC invocations=41 (full 7):
 PSYoungGen      total 356864K, used 52522K [0x00000000e0000000, 0x00000000fff80000, 0x0000000100000000)
  eden space 186880K, 0% used [0x00000000e0000000,0x00000000e0000000,0x00000000eb680000)
  from space 169984K, 30% used [0x00000000f5280000,0x00000000f85ca910,0x00000000ff880000)
  to   space 159744K, 0% used [0x00000000eb680000,0x00000000eb680000,0x00000000f5280000)
 ParOldGen       total 447488K, used 436180K [0x00000000a0000000, 0x00000000bb500000, 0x00000000e0000000)
  object space 447488K, 97% used [0x00000000a0000000,0x00000000ba9f5278,0x00000000bb500000)
 Metaspace       used 103547K, capacity 109279K, committed 109568K, reserved 1144832K
  class space    used 13081K, capacity 14294K, committed 14336K, reserved 1048576K
Event: 629.469 GC heap after
Heap after GC invocations=41 (full 7):
 PSYoungGen      total 356864K, used 0K [0x00000000e0000000, 0x00000000fff80000, 0x0000000100000000)
  eden space 186880K, 0% used [0x00000000e0000000,0x00000000e0000000,0x00000000eb680000)
  from space 169984K, 0% used [0x00000000f5280000,0x00000000f5280000,0x00000000ff880000)
  to   space 159744K, 0% used [0x00000000eb680000,0x00000000eb680000,0x00000000f5280000)
 ParOldGen       total 487424K, used 223287K [0x00000000a0000000, 0x00000000bdc00000, 0x00000000e0000000)
  object space 487424K, 45% used [0x00000000a0000000,0x00000000ada0df08,0x00000000bdc00000)
 Metaspace       used 100664K, capacity 106375K, committed 107520K, reserved 1142784K
  class space    used 12827K, capacity 14030K, committed 14336K, reserved 1048576K
}
Event: 630.165 GC heap before
{Heap before GC invocations=42 (full 7):
 PSYoungGen      total 356864K, used 186880K [0x00000000e0000000, 0x00000000fff80000, 0x0000000100000000)
  eden space 186880K, 100% used [0x00000000e0000000,0x00000000eb680000,0x00000000eb680000)
  from space 169984K, 0% used [0x00000000f5280000,0x00000000f5280000,0x00000000ff880000)
  to   space 159744K, 0% used [0x00000000eb680000,0x00000000eb680000,0x00000000f5280000)
 ParOldGen       total 487424K, used 223287K [0x00000000a0000000, 0x00000000bdc00000, 0x00000000e0000000)
  object space 487424K, 45% used [0x00000000a0000000,0x00000000ada0df08,0x00000000bdc00000)
 Metaspace       used 100726K, capacity 106375K, committed 107520K, reserved 1142784K
  class space    used 12834K, capacity 14030K, committed 14336K, reserved 1048576K
Event: 630.261 GC heap after
Heap after GC invocations=42 (full 7):
 PSYoungGen      total 346624K, used 80338K [0x00000000e0000000, 0x00000000ff300000, 0x0000000100000000)
  eden space 186880K, 0% used [0x00000000e0000000,0x00000000e0000000,0x00000000eb680000)
  from space 159744K, 50% used [0x00000000eb680000,0x00000000f04f49f8,0x00000000f5280000)
  to   space 158208K, 0% used [0x00000000f5880000,0x00000000f5880000,0x00000000ff300000)
 ParOldGen       total 487424K, used 223295K [0x00000000a0000000, 0x00000000bdc00000, 0x00000000e0000000)
  object space 487424K, 45% used [0x00000000a0000000,0x00000000ada0ff08,0x00000000bdc00000)
 Metaspace       used 100726K, capacity 106375K, committed 107520K, reserved 1142784K
  class space    used 12834K, capacity 14030K, committed 14336K, reserved 1048576K
}
Event: 631.781 GC heap before
{Heap before GC invocations=43 (full 7):
 PSYoungGen      total 346624K, used 267218K [0x00000000e0000000, 0x00000000ff300000, 0x0000000100000000)
  eden space 186880K, 100% used [0x00000000e0000000,0x00000000eb680000,0x00000000eb680000)
  from space 159744K, 50% used [0x00000000eb680000,0x00000000f04f49f8,0x00000000f5280000)
  to   space 158208K, 0% used [0x00000000f5880000,0x00000000f5880000,0x00000000ff300000)
 ParOldGen       total 487424K, used 223295K [0x00000000a0000000, 0x00000000bdc00000, 0x00000000e0000000)
  object space 487424K, 45% used [0x00000000a0000000,0x00000000ada0ff08,0x00000000bdc00000)
 Metaspace       used 100746K, capacity 106439K, committed 107520K, reserved 1142784K
  class space    used 12834K, capacity 14030K, committed 14336K, reserved 1048576K
Event: 631.941 GC heap after
Heap after GC invocations=43 (full 7):
 PSYoungGen      total 356352K, used 49880K [0x00000000e0000000, 0x00000000fee80000, 0x0000000100000000)
  eden space 202752K, 0% used [0x00000000e0000000,0x00000000e0000000,0x00000000ec600000)
  from space 153600K, 32% used [0x00000000f5880000,0x00000000f8936170,0x00000000fee80000)
  to   space 150016K, 0% used [0x00000000ec600000,0x00000000ec600000,0x00000000f5880000)
 ParOldGen       total 487424K, used 303363K [0x00000000a0000000, 0x00000000bdc00000, 0x00000000e0000000)
  object space 487424K, 62% used [0x00000000a0000000,0x00000000b2840ce0,0x00000000bdc00000)
 Metaspace       used 100746K, capacity 106439K, committed 107520K, reserved 1142784K
  class space    used 12834K, capacity 14030K, committed 14336K, reserved 1048576K
}
Event: 634.867 GC heap before
{Heap before GC invocations=44 (full 7):
 PSYoungGen      total 356352K, used 252632K [0x00000000e0000000, 0x00000000fee80000, 0x0000000100000000)
  eden space 202752K, 100% used [0x00000000e0000000,0x00000000ec600000,0x00000000ec600000)
  from space 153600K, 32% used [0x00000000f5880000,0x00000000f8936170,0x00000000fee80000)
  to   space 150016K, 0% used [0x00000000ec600000,0x00000000ec600000,0x00000000f5880000)
 ParOldGen       total 487424K, used 303363K [0x00000000a0000000, 0x00000000bdc00000, 0x00000000e0000000)
  object space 487424K, 62% used [0x00000000a0000000,0x00000000b2840ce0,0x00000000bdc00000)
 Metaspace       used 100773K, capacity 106439K, committed 107520K, reserved 1142784K
  class space    used 12835K, capacity 14030K, committed 14336K, reserved 1048576K
Event: 634.923 GC heap after
Heap after GC invocations=44 (full 7):
 PSYoungGen      total 352768K, used 12608K [0x00000000e0000000, 0x00000000ffa80000, 0x0000000100000000)
  eden space 202752K, 0% used [0x00000000e0000000,0x00000000e0000000,0x00000000ec600000)
  from space 150016K, 8% used [0x00000000ec600000,0x00000000ed250210,0x00000000f5880000)
  to   space 148992K, 0% used [0x00000000f6900000,0x00000000f6900000,0x00000000ffa80000)
 ParOldGen       total 487424K, used 352418K [0x00000000a0000000, 0x00000000bdc00000, 0x00000000e0000000)
  object space 487424K, 72% used [0x00000000a0000000,0x00000000b5828898,0x00000000bdc00000)
 Metaspace       used 100773K, capacity 106439K, committed 107520K, reserved 1142784K
  class space    used 12835K, capacity 14030K, committed 14336K, reserved 1048576K
}

Deoptimization events (10 events):
Event: 634.402 Thread 0x00000000214a5800 Uncommon trap: reason=class_check action=maybe_recompile pc=0x000000000559e518 method=com.sun.tools.javac.comp.TransTypes$1.accepts(Ljava/lang/Object;)Z @ 2
Event: 634.402 Thread 0x00000000214a5800 Uncommon trap: reason=class_check action=maybe_recompile pc=0x00000000062c1878 method=com.sun.tools.javac.code.Types$ImplementationCache.implementationInternal(Lcom/sun/tools/javac/code/Symbol$MethodSymbol;Lcom/sun/tools/javac/code/Symbol$TypeSymbol;ZLcom
Event: 634.428 Thread 0x00000000214a5800 Uncommon trap: reason=class_check action=maybe_recompile pc=0x0000000004d8eecc method=java.lang.Long.equals(Ljava/lang/Object;)Z @ 1
Event: 634.428 Thread 0x00000000214a5800 Uncommon trap: reason=class_check action=maybe_recompile pc=0x0000000004d8eecc method=java.lang.Long.equals(Ljava/lang/Object;)Z @ 1
Event: 634.428 Thread 0x00000000214a5800 Uncommon trap: reason=class_check action=maybe_recompile pc=0x0000000004d8eecc method=java.lang.Long.equals(Ljava/lang/Object;)Z @ 1
Event: 634.578 Thread 0x00000000214a5800 Uncommon trap: reason=unstable_if action=reinterpret pc=0x00000000069929cc method=com.sun.tools.javac.jvm.Gen.visitSelect(Lcom/sun/tools/javac/tree/JCTree$JCFieldAccess;)V @ 307
Event: 634.808 Thread 0x00000000214a5800 Uncommon trap: reason=unstable_if action=reinterpret pc=0x0000000003b768b8 method=com.sun.tools.javac.jvm.Gen.genStat(Lcom/sun/tools/javac/tree/JCTree;Lcom/sun/tools/javac/comp/Env;)V @ 7
Event: 634.937 Thread 0x00000000214a5800 Uncommon trap: reason=unstable_if action=reinterpret pc=0x0000000005e555b0 method=com.sun.tools.javac.code.Scope.remove(Lcom/sun/tools/javac/code/Symbol;)V @ 118
Event: 635.081 Thread 0x00000000214a5800 Uncommon trap: reason=unstable_if action=reinterpret pc=0x00000000070a3f78 method=com.sun.tools.javac.jvm.Code.emitStackMapFrame(II)V @ 135
Event: 635.104 Thread 0x00000000214a5800 Uncommon trap: reason=unstable_if action=reinterpret pc=0x00000000053b290c method=com.sun.tools.javac.comp.Flow$AssignAnalyzer.isFinalUninitializedField(Lcom/sun/tools/javac/code/Symbol$VarSymbol;)Z @ 43

Classes redefined (0 events):
No events

Internal exceptions (10 events):
Event: 537.676 Thread 0x00000000214a1800 Exception <a 'sun/nio/fs/WindowsException'> (0x00000000e52324d0) thrown at [C:\re\workspace\8-2-build-windows-amd64-cygwin\jdk8u212\12974\hotspot\src\share\vm\prims\jni.cpp, line 710]
Event: 537.684 Thread 0x00000000214a1800 Exception <a 'sun/nio/fs/WindowsException'> (0x00000000e5233f10) thrown at [C:\re\workspace\8-2-build-windows-amd64-cygwin\jdk8u212\12974\hotspot\src\share\vm\prims\jni.cpp, line 710]
Event: 537.685 Thread 0x00000000214a1800 Exception <a 'sun/nio/fs/WindowsException'> (0x00000000e5235958) thrown at [C:\re\workspace\8-2-build-windows-amd64-cygwin\jdk8u212\12974\hotspot\src\share\vm\prims\jni.cpp, line 710]
Event: 537.687 Thread 0x00000000214a1800 Exception <a 'sun/nio/fs/WindowsException'> (0x00000000e52373a0) thrown at [C:\re\workspace\8-2-build-windows-amd64-cygwin\jdk8u212\12974\hotspot\src\share\vm\prims\jni.cpp, line 710]
Event: 537.699 Thread 0x00000000214a1800 Exception <a 'sun/nio/fs/WindowsException'> (0x00000000e5238e00) thrown at [C:\re\workspace\8-2-build-windows-amd64-cygwin\jdk8u212\12974\hotspot\src\share\vm\prims\jni.cpp, line 710]
Event: 537.700 Thread 0x00000000214a1800 Exception <a 'sun/nio/fs/WindowsException'> (0x00000000e523a850) thrown at [C:\re\workspace\8-2-build-windows-amd64-cygwin\jdk8u212\12974\hotspot\src\share\vm\prims\jni.cpp, line 710]
Event: 537.705 Thread 0x00000000214a1800 Exception <a 'sun/nio/fs/WindowsException'> (0x00000000e523c2b0) thrown at [C:\re\workspace\8-2-build-windows-amd64-cygwin\jdk8u212\12974\hotspot\src\share\vm\prims\jni.cpp, line 710]
Event: 537.707 Thread 0x00000000214a1800 Exception <a 'sun/nio/fs/WindowsException'> (0x00000000e523dd00) thrown at [C:\re\workspace\8-2-build-windows-amd64-cygwin\jdk8u212\12974\hotspot\src\share\vm\prims\jni.cpp, line 710]
Event: 537.708 Thread 0x00000000214a1800 Exception <a 'sun/nio/fs/WindowsException'> (0x00000000e523f750) thrown at [C:\re\workspace\8-2-build-windows-amd64-cygwin\jdk8u212\12974\hotspot\src\share\vm\prims\jni.cpp, line 710]
Event: 615.852 Thread 0x0000000020cbf000 Exception <a 'sun/nio/fs/WindowsException'> (0x00000000e6904968) thrown at [C:\re\workspace\8-2-build-windows-amd64-cygwin\jdk8u212\12974\hotspot\src\share\vm\prims\jni.cpp, line 710]

Events (10 events):
Event: 634.923 Executing VM operation: ParallelGCFailedAllocation done
Event: 634.937 Thread 0x00000000214a5800 Uncommon trap: trap_request=0xffffff65 fr.pc=0x0000000005e555b0
Event: 634.937 Thread 0x00000000214a5800 DEOPT PACKING pc=0x0000000005e555b0 sp=0x000000002879a660
Event: 634.937 Thread 0x00000000214a5800 DEOPT UNPACKING pc=0x0000000002f6583b sp=0x000000002879a610 mode 2
Event: 635.081 Thread 0x00000000214a5800 Uncommon trap: trap_request=0xffffff65 fr.pc=0x00000000070a3f78
Event: 635.081 Thread 0x00000000214a5800 DEOPT PACKING pc=0x00000000070a3f78 sp=0x000000002879a6c0
Event: 635.081 Thread 0x00000000214a5800 DEOPT UNPACKING pc=0x0000000002f6583b sp=0x000000002879a6b8 mode 2
Event: 635.104 Thread 0x00000000214a5800 Uncommon trap: trap_request=0xffffff65 fr.pc=0x00000000053b290c
Event: 635.104 Thread 0x00000000214a5800 DEOPT PACKING pc=0x00000000053b290c sp=0x000000002879ab20
Event: 635.104 Thread 0x00000000214a5800 DEOPT UNPACKING pc=0x0000000002f6583b sp=0x000000002879a950 mode 2


Dynamic libraries:
0x00007ff64def0000 - 0x00007ff64df27000 	C:\Program Files\Java\jdk1.8.0_212\bin\java.exe
0x00007ff810060000 - 0x00007ff810250000 	C:\WINDOWS\SYSTEM32\ntdll.dll
0x00007ff80e140000 - 0x00007ff80e1f2000 	C:\WINDOWS\System32\KERNEL32.DLL
0x00007ff80dc80000 - 0x00007ff80df25000 	C:\WINDOWS\System32\KERNELBASE.dll
0x00007ff80f650000 - 0x00007ff80f6f3000 	C:\WINDOWS\System32\ADVAPI32.dll
0x00007ff80ef10000 - 0x00007ff80efae000 	C:\WINDOWS\System32\msvcrt.dll
0x00007ff80f1f0000 - 0x00007ff80f287000 	C:\WINDOWS\System32\sechost.dll
0x00007ff80f530000 - 0x00007ff80f650000 	C:\WINDOWS\System32\RPCRT4.dll
0x00007ff80f310000 - 0x00007ff80f4a4000 	C:\WINDOWS\System32\USER32.dll
0x00007ff80d4c0000 - 0x00007ff80d4e1000 	C:\WINDOWS\System32\win32u.dll
0x00007ff80f1c0000 - 0x00007ff80f1e6000 	C:\WINDOWS\System32\GDI32.dll
0x00007ff80d320000 - 0x00007ff80d4b6000 	C:\WINDOWS\System32\gdi32full.dll
0x00007ff80e020000 - 0x00007ff80e0be000 	C:\WINDOWS\System32\msvcp_win.dll
0x00007ff80d000000 - 0x00007ff80d0fa000 	C:\WINDOWS\System32\ucrtbase.dll
0x00007ffffb390000 - 0x00007ffffb614000 	C:\WINDOWS\WinSxS\amd64_microsoft.windows.common-controls_6595b64144ccf1df_6.0.18362.1256_none_9e7e379be45e40e2\COMCTL32.dll
0x00007ff80e460000 - 0x00007ff80e796000 	C:\WINDOWS\System32\combase.dll
0x00007ff80df30000 - 0x00007ff80dfb1000 	C:\WINDOWS\System32\bcryptPrimitives.dll
0x00007ff80e110000 - 0x00007ff80e13e000 	C:\WINDOWS\System32\IMM32.DLL
0x0000000050a80000 - 0x0000000050b52000 	C:\Program Files\Java\jdk1.8.0_212\jre\bin\msvcr100.dll
0x00000000501d0000 - 0x0000000050a75000 	C:\Program Files\Java\jdk1.8.0_212\jre\bin\server\jvm.dll
0x00007ff810010000 - 0x00007ff810018000 	C:\WINDOWS\System32\PSAPI.DLL
0x00007ff804900000 - 0x00007ff80490a000 	C:\WINDOWS\SYSTEM32\VERSION.dll
0x00007ff80a500000 - 0x00007ff80a524000 	C:\WINDOWS\SYSTEM32\WINMM.dll
0x00007ff809320000 - 0x00007ff809329000 	C:\WINDOWS\SYSTEM32\WSOCK32.dll
0x00007ff80f700000 - 0x00007ff80f76f000 	C:\WINDOWS\System32\WS2_32.dll
0x00007ff80a4d0000 - 0x00007ff80a4fd000 	C:\WINDOWS\SYSTEM32\WINMMBASE.dll
0x00007ff80e0c0000 - 0x00007ff80e10a000 	C:\WINDOWS\System32\cfgmgr32.dll
0x00007ff8051d0000 - 0x00007ff8051df000 	C:\Program Files\Java\jdk1.8.0_212\jre\bin\verify.dll
0x00007ffff3ee0000 - 0x00007ffff3f09000 	C:\Program Files\Java\jdk1.8.0_212\jre\bin\java.dll
0x00007ff804ef0000 - 0x00007ff804f06000 	C:\Program Files\Java\jdk1.8.0_212\jre\bin\zip.dll
0x00007ff80f8b0000 - 0x00007ff80ff97000 	C:\WINDOWS\System32\SHELL32.dll
0x00007ff80e3b0000 - 0x00007ff80e459000 	C:\WINDOWS\System32\shcore.dll
0x00007ff80d4f0000 - 0x00007ff80dc71000 	C:\WINDOWS\System32\windows.storage.dll
0x00007ff80cf30000 - 0x00007ff80cf53000 	C:\WINDOWS\System32\profapi.dll
0x00007ff80cf80000 - 0x00007ff80cfca000 	C:\WINDOWS\System32\powrprof.dll
0x00007ff80cf00000 - 0x00007ff80cf10000 	C:\WINDOWS\System32\UMPDC.dll
0x00007ff80e830000 - 0x00007ff80e882000 	C:\WINDOWS\System32\shlwapi.dll
0x00007ff80cf60000 - 0x00007ff80cf71000 	C:\WINDOWS\System32\kernel.appcore.dll
0x00007ff80d300000 - 0x00007ff80d317000 	C:\WINDOWS\System32\cryptsp.dll
0x00007ff800450000 - 0x00007ff80046a000 	C:\Program Files\Java\jdk1.8.0_212\jre\bin\net.dll
0x00007ff801c00000 - 0x00007ff801dd6000 	C:\WINDOWS\SYSTEM32\urlmon.dll
0x00007ff801550000 - 0x00007ff8017f7000 	C:\WINDOWS\SYSTEM32\iertutil.dll
0x00007ff80c8c0000 - 0x00007ff80c8cc000 	C:\WINDOWS\SYSTEM32\CRYPTBASE.DLL
0x00007ff80c6f0000 - 0x00007ff80c757000 	C:\WINDOWS\system32\mswsock.dll
0x00007ff8003f0000 - 0x00007ff800402000 	C:\Program Files\Java\jdk1.8.0_212\jre\bin\nio.dll
0x00007fffea9b0000 - 0x00007fffea9d6000 	D:\Programming\.gradle\native\29\windows-amd64\native-platform.dll
0x00007ff8051c0000 - 0x00007ff8051cd000 	C:\Program Files\Java\jdk1.8.0_212\jre\bin\management.dll
0x00007ff80c260000 - 0x00007ff80c293000 	C:\WINDOWS\system32\rsaenh.dll
0x00007ff80cfd0000 - 0x00007ff80cff6000 	C:\WINDOWS\System32\bcrypt.dll
0x00007ff80ce20000 - 0x00007ff80ce45000 	C:\WINDOWS\SYSTEM32\USERENV.dll
0x00007ff80c400000 - 0x00007ff80c43a000 	C:\WINDOWS\SYSTEM32\IPHLPAPI.DLL
0x00007ff80ef00000 - 0x00007ff80ef08000 	C:\WINDOWS\System32\NSI.dll
0x00007ff8046a0000 - 0x00007ff8046b6000 	C:\WINDOWS\SYSTEM32\dhcpcsvc6.DLL
0x00007ff804750000 - 0x00007ff80476c000 	C:\WINDOWS\SYSTEM32\dhcpcsvc.DLL
0x00007ff80c440000 - 0x00007ff80c50b000 	C:\WINDOWS\SYSTEM32\DNSAPI.dll
0x00007fffe7b50000 - 0x00007fffe7b74000 	C:\Program Files\Java\jdk1.8.0_212\jre\bin\sunec.dll
0x00007ff801540000 - 0x00007ff80154a000 	C:\Windows\System32\rasadhlp.dll
0x00007ff8041f0000 - 0x00007ff804267000 	C:\WINDOWS\System32\fwpuclnt.dll
0x00007ff801b00000 - 0x00007ff801b0b000 	C:\Program Files\Java\jdk1.8.0_212\jre\bin\sunmscapi.dll
0x00007ff80d100000 - 0x00007ff80d249000 	C:\WINDOWS\System32\CRYPT32.dll
0x00007ff80cf10000 - 0x00007ff80cf22000 	C:\WINDOWS\System32\MSASN1.dll
0x00007ff80bf40000 - 0x00007ff80bf71000 	C:\WINDOWS\SYSTEM32\ntmarta.dll

VM Arguments:
jvm_args: -Xmx1536m -Dfile.encoding=GBK -Duser.country=CN -Duser.language=zh -Duser.variant 
java_command: org.gradle.launcher.daemon.bootstrap.GradleDaemon 5.5.1
java_class_path (initial): D:\Programming\.gradle\wrapper\dists\gradle-5.5.1-all\8yl0syll3fr5m1v472nzznadi\gradle-5.5.1\lib\gradle-launcher-5.5.1.jar
Launcher Type: SUN_STANDARD

Environment Variables:
JAVA_HOME=C:\Program Files\Java\jdk1.8.0_212\
PATH=C:\Program Files\Java\jdk1.8.0_212\\bin\;C:\WINDOWS\system32;C:\WINDOWS;C:\WINDOWS\System32\Wbem;C:\WINDOWS\System32\WindowsPowerShell\v1.0\;C:\WINDOWS\System32\OpenSSH\;C:\Program Files\Intel\WiFi\bin\;C:\Program Files\Common Files\Intel\WirelessCommon\;D:\Program Files\Git\cmd;D:\Program Files\Matlab R2019a\runtime\win64;D:\Program Files\Matlab R2019a\bin;D:\Program Files\Matlab R2019a\polyspace\bin;D:\Programming\apache-maven-3.6.2\bin;C:\Program Files (x86)\Common Files\Thunder Network\KanKan\Codecs;D:\Programming\mingw64\bin;D:\Program Files\Rational\common;D:\Programming\nodejs\;D:\Programming\Android\android-sdk\platform-tools;C:\Users\Z-P-J\AppData\Local\Programs\Python\Python37\;C:\Users\Z-P-J\AppData\Local\Programs\Python\Python37\Scripts\;C:\Program Files\MySQL\MySQL Shell 8.0\bin\;D:\Program Files\Microsoft VS Code\bin;C:\Users\Z-P-J\AppData\Local\GitHubDesktop\bin;C:\Users\Z-P-J\AppData\Local\Microsoft\WindowsApps;C:\Users\Z-P-J\AppData\Roaming\npm;C:\Python27;C:\Python27\Scripts;;C:\Users\Z-P-J\AppData\Local\Programs\EmEditor
USERNAME=Z-P-J
OS=Windows_NT
PROCESSOR_IDENTIFIER=AMD64 Family 23 Model 24 Stepping 1, AuthenticAMD



---------------  S Y S T E M  ---------------

OS: Windows 10.0 , 64 bit Build 18362 (10.0.18362.1110)

CPU:total 8 (initial active 8) (8 cores per cpu, 1 threads per core) family 23 model 24 stepping 1, cmov, cx8, fxsr, mmx, sse, sse2, sse3, ssse3, sse4.1, sse4.2, popcnt, avx, avx2, aes, clmul, mmxext, 3dnowpref, lzcnt, sse4a, tsc, tscinvbit, tscinv, bmi1

Memory: 4k page, physical 7277196k(1039756k free), swap 17762952k(5792k free)

vm_info: Java HotSpot(TM) 64-Bit Server VM (25.212-b10) for windows-amd64 JRE (1.8.0_212-b10), built on Apr  1 2019 22:50:23 by "java_re" with MS VC++ 10.0 (VS2010)

time: Sun Jan 03 18:45:29 2021
timezone: 中国标准时间
elapsed time: 635 seconds (0d 0h 10m 35s)

