#
# There is insufficient memory for the Java Runtime Environment to continue.
# Native memory allocation (malloc) failed to allocate 766256 bytes for Chunk::new
# Possible reasons:
#   The system is out of physical RAM or swap space
#   The process is running with CompressedOops enabled, and the Java Heap may be blocking the growth of the native heap
# Possible solutions:
#   Reduce memory load on the system
#   Increase physical memory or swap space
#   Check if swap backing store is full
#   Decrease Java heap size (-Xmx/-Xms)
#   Decrease number of Java threads
#   Decrease Java thread stack sizes (-Xss)
#   Set larger code cache with -XX:ReservedCodeCacheSize=
#   JVM is running with Unscaled Compressed Oops mode in which the Java heap is
#     placed in the first 4GB address space. The Java Heap base address is the
#     maximum limit for the native heap growth. Please use -XX:HeapBaseMinAddress
#     to set the Java Heap base and to place the Java Heap above 4GB virtual address.
# This output file may be truncated or incomplete.
#
#  Out of Memory Error (allocation.cpp:389), pid=139676, tid=0x0000000000024994
#
# JRE version: OpenJDK Runtime Environment (8.0_202-b03) (build 1.8.0_202-release-1483-b03)
# Java VM: OpenJDK 64-Bit Server VM (25.202-b03 mixed mode windows-amd64 compressed oops)
# Failed to write core dump. Minidumps are not enabled by default on client versions of Windows
#

---------------  T H R E A D  ---------------

Current thread (0x0000000018f42000):  JavaThread "C2 CompilerThread1" daemon [_thread_in_native, id=149908, stack(0x00000000197b0000,0x00000000198b0000)]

Stack: [0x00000000197b0000,0x00000000198b0000]
[error occurred during error reporting (printing stack bounds), id 0xc0000005]

Native frames: (J=compiled Java code, j=interpreted, Vv=VM code, C=native code)


Current CompileTask:
C2:  34852 6813       4       java.io.ObjectOutputStream::writeClassDesc (60 bytes)


---------------  P R O C E S S  ---------------

Java Threads: ( => current thread )
  0x000000001cbb3800 JavaThread "Memory manager" [_thread_blocked, id=154152, stack(0x0000000024700000,0x0000000024800000)]
  0x000000001cba9000 JavaThread "Cache worker for Build Output Cleanup Cache (D:\Programming\AndroidProjects\sjly\.gradle\buildOutputCleanup)" [_thread_blocked, id=153796, stack(0x0000000022a30000,0x0000000022b30000)]
  0x000000001cbad000 JavaThread "pool-1-thread-1" [_thread_blocked, id=152368, stack(0x0000000022730000,0x0000000022830000)]
  0x000000001cbae800 JavaThread "Build operations Thread 8" [_thread_blocked, id=140612, stack(0x0000000022230000,0x0000000022330000)]
  0x000000001cbb0000 JavaThread "Build operations Thread 7" [_thread_blocked, id=150100, stack(0x0000000022130000,0x0000000022230000)]
  0x000000001cbaf000 JavaThread "Build operations Thread 6" [_thread_blocked, id=151956, stack(0x0000000022030000,0x0000000022130000)]
  0x000000001cbad800 JavaThread "Build operations Thread 5" [_thread_blocked, id=153868, stack(0x0000000021f30000,0x0000000022030000)]
  0x000000001cba8000 JavaThread "Build operations Thread 4" [_thread_blocked, id=154288, stack(0x0000000021e30000,0x0000000021f30000)]
  0x000000001cbaa800 JavaThread "Build operations Thread 3" [_thread_blocked, id=153916, stack(0x0000000021d30000,0x0000000021e30000)]
  0x000000001cba9800 JavaThread "Build operations Thread 2" [_thread_blocked, id=151032, stack(0x0000000021c30000,0x0000000021d30000)]
  0x000000001cbab800 JavaThread "Build operations" [_thread_blocked, id=153132, stack(0x0000000021b30000,0x0000000021c30000)]
  0x000000001cba7800 JavaThread "Cache worker for execution history cache (C:\Users\Z-P-J\.gradle\caches\5.5.1\executionHistory)" [_thread_blocked, id=137764, stack(0x0000000021830000,0x0000000021930000)]
  0x000000001b0c0000 JavaThread "Cache worker for cache directory md-rule (C:\Users\Z-P-J\.gradle\caches\5.5.1\md-rule)" [_thread_blocked, id=153728, stack(0x0000000021730000,0x0000000021830000)]
  0x000000001b0be800 JavaThread "Cache worker for cache directory md-supplier (C:\Users\Z-P-J\.gradle\caches\5.5.1\md-supplier)" [_thread_blocked, id=152628, stack(0x0000000020050000,0x0000000020150000)]
  0x000000001b0c1800 JavaThread "Cache worker for file hash cache (D:\Programming\AndroidProjects\sjly\.gradle\5.5.1\fileHashes)" [_thread_blocked, id=127060, stack(0x000000001e720000,0x000000001e820000)]
  0x000000001b0c1000 JavaThread "Cache worker for journal cache (C:\Users\Z-P-J\.gradle\caches\journal-1)" [_thread_blocked, id=154344, stack(0x000000001c680000,0x000000001c780000)]
  0x000000001b0bc800 JavaThread "File lock request listener" [_thread_in_native, id=152772, stack(0x000000001c580000,0x000000001c680000)]
  0x00000000190e3800 JavaThread "Cache worker for file hash cache (C:\Users\Z-P-J\.gradle\caches\5.5.1\fileHashes)" [_thread_blocked, id=152848, stack(0x000000001c480000,0x000000001c580000)]
  0x000000001ae53000 JavaThread "Thread-9" [_thread_blocked, id=154296, stack(0x000000001c180000,0x000000001c280000)]
  0x000000001af28800 JavaThread "Stdin handler" [_thread_blocked, id=140004, stack(0x000000001c080000,0x000000001c180000)]
  0x000000001ae4b000 JavaThread "Asynchronous log dispatcher for DefaultDaemonConnection: socket connection from /127.0.0.1:14067 to /127.0.0.1:14068" [_thread_blocked, id=154092, stack(0x000000001bf80000,0x000000001c080000)]
  0x000000001ae50000 JavaThread "Daemon worker" [_thread_in_Java, id=150084, stack(0x000000001be80000,0x000000001bf80000)]
  0x000000001ae4f000 JavaThread "Cancel handler" [_thread_blocked, id=153980, stack(0x000000001bd80000,0x000000001be80000)]
  0x000000001ae08000 JavaThread "Handler for socket connection from /127.0.0.1:14067 to /127.0.0.1:14068" [_thread_in_native, id=153840, stack(0x000000001ba80000,0x000000001bb80000)]
  0x000000001ae07800 JavaThread "Daemon" [_thread_blocked, id=153512, stack(0x000000001b980000,0x000000001ba80000)]
  0x000000001a08b800 JavaThread "Daemon periodic checks" [_thread_blocked, id=143896, stack(0x000000001b880000,0x000000001b980000)]
  0x000000001a08a800 JavaThread "Incoming local TCP Connector on port 14067" [_thread_in_native, id=154540, stack(0x000000001b780000,0x000000001b880000)]
  0x000000001a18f000 JavaThread "Daemon health stats" [_thread_blocked, id=152832, stack(0x000000001b480000,0x000000001b580000)]
  0x0000000018fc3000 JavaThread "Service Thread" daemon [_thread_blocked, id=104244, stack(0x0000000019ab0000,0x0000000019bb0000)]
  0x0000000018f99000 JavaThread "C1 CompilerThread3" daemon [_thread_blocked, id=139112, stack(0x00000000199b0000,0x0000000019ab0000)]
  0x0000000018f8d800 JavaThread "C2 CompilerThread2" daemon [_thread_blocked, id=153836, stack(0x00000000198b0000,0x00000000199b0000)]
=>0x0000000018f42000 JavaThread "C2 CompilerThread1" daemon [_thread_in_native, id=149908, stack(0x00000000197b0000,0x00000000198b0000)]
  0x00000000170eb000 JavaThread "C2 CompilerThread0" daemon [_thread_blocked, id=153508, stack(0x00000000196b0000,0x00000000197b0000)]
  0x0000000018f3f800 JavaThread "Attach Listener" daemon [_thread_blocked, id=151260, stack(0x00000000195b0000,0x00000000196b0000)]
  0x0000000018eec000 JavaThread "Signal Dispatcher" daemon [_thread_blocked, id=144572, stack(0x00000000194b0000,0x00000000195b0000)]
  0x0000000018ed0800 JavaThread "Finalizer" daemon [_thread_blocked, id=154236, stack(0x00000000193b0000,0x00000000194b0000)]
  0x00000000170dc800 JavaThread "Reference Handler" daemon [_thread_blocked, id=152680, stack(0x00000000192b0000,0x00000000193b0000)]
  0x0000000002d1e800 JavaThread "main" [_thread_blocked, id=152884, stack(0x0000000003120000,0x0000000003220000)]

Other Threads:
  0x00000000170d7800 VMThread [stack: 0x0000000018db0000,0x0000000018eb0000] [id=152748]
  0x0000000018fc4800 WatcherThread [stack: 0x0000000019bb0000,0x0000000019cb0000] [id=113740]

VM state:not at safepoint (normal execution)

VM Mutex/Monitor currently owned by a thread: None

heap address: 0x00000000a0000000, size: 1536 MB, Compressed Oops mode: 32-bit
Narrow klass base: 0x0000000000000000, Narrow klass shift: 3
Compressed class space size: 1073741824 Address: 0x0000000100000000

Heap:
 PSYoungGen      total 228352K, used 9565K [0x00000000e0000000, 0x00000000f0980000, 0x0000000100000000)
  eden space 211968K, 4% used [0x00000000e0000000,0x00000000e09574a0,0x00000000ecf00000)
  from space 16384K, 0% used [0x00000000ee880000,0x00000000ee880000,0x00000000ef880000)
  to   space 26112K, 0% used [0x00000000ecf00000,0x00000000ecf00000,0x00000000ee880000)
 ParOldGen       total 67584K, used 52815K [0x00000000a0000000, 0x00000000a4200000, 0x00000000e0000000)
  object space 67584K, 78% used [0x00000000a0000000,0x00000000a3393c58,0x00000000a4200000)
 Metaspace       used 55894K, capacity 59538K, committed 59668K, reserved 1099776K
  class space    used 7554K, capacity 8482K, committed 8576K, reserved 1048576K

Card table byte_map: [0x00000000126e0000,0x00000000129f0000] byte_map_base: 0x00000000121e0000

Marking Bits: (ParMarkBitMap*) 0x0000000077f79f30
 Begin Bits: [0x00000000133f0000, 0x0000000014bf0000)
 End Bits:   [0x0000000014bf0000, 0x00000000163f0000)

Polling page: 0x0000000000be0000

CodeCache: size=245760Kb used=20831Kb max_used=21489Kb free=224929Kb
 bounds [0x0000000003320000, 0x0000000004830000, 0x0000000012320000]
 total_blobs=7134 nmethods=6335 adapters=713
 compilation: enabled

Compilation events (10 events):
Event: 34.839 Thread 0x0000000018f99000 nmethod 6835 0x00000000034e9dd0 code [0x00000000034e9fc0, 0x00000000034ea998]
Event: 34.840 Thread 0x0000000018f99000 6829       3       com.google.common.collect.AbstractMapBasedMultimap::<init> (19 bytes)
Event: 34.841 Thread 0x0000000018f99000 nmethod 6829 0x000000000356b010 code [0x000000000356b1a0, 0x000000000356b5d8]
Event: 34.842 Thread 0x0000000018f8d800 nmethod 6832 0x0000000003485b50 code [0x0000000003485ca0, 0x0000000003485f38]
Event: 34.842 Thread 0x0000000018f99000 6834       3       com.google.common.collect.AbstractMapBasedMultimap::wrapList (33 bytes)
Event: 34.842 Thread 0x0000000018f99000 nmethod 6834 0x0000000003640110 code [0x00000000036402c0, 0x0000000003640878]
Event: 34.842 Thread 0x0000000018f99000 6833       3       com.google.common.collect.ComparatorOrdering::compare (12 bytes)
Event: 34.843 Thread 0x0000000018f99000 nmethod 6833 0x00000000036bb790 code [0x00000000036bb900, 0x00000000036bbb28]
Event: 34.843 Thread 0x0000000018f99000 6831       3       com.google.common.collect.ArrayListMultimap::put (7 bytes)
Event: 34.843 Thread 0x0000000018f99000 nmethod 6831 0x0000000003456350 code [0x00000000034564c0, 0x00000000034566a8]

GC Heap History (10 events):
Event: 20.461 GC heap before
{Heap before GC invocations=11 (full 1):
 PSYoungGen      total 121344K, used 36433K [0x00000000e0000000, 0x00000000eb280000, 0x0000000100000000)
  eden space 111104K, 23% used [0x00000000e0000000,0x00000000e1999b60,0x00000000e6c80000)
  from space 10240K, 99% used [0x00000000e6c80000,0x00000000e767a978,0x00000000e7680000)
  to   space 12288K, 0% used [0x00000000ea680000,0x00000000ea680000,0x00000000eb280000)
 ParOldGen       total 45568K, used 10191K [0x00000000a0000000, 0x00000000a2c80000, 0x00000000e0000000)
  object space 45568K, 22% used [0x00000000a0000000,0x00000000a09f3c70,0x00000000a2c80000)
 Metaspace       used 34591K, capacity 35310K, committed 35416K, reserved 1079296K
  class space    used 4749K, capacity 4945K, committed 4992K, reserved 1048576K
Event: 20.475 GC heap after
Heap after GC invocations=11 (full 1):
 PSYoungGen      total 170496K, used 7489K [0x00000000e0000000, 0x00000000ebb00000, 0x0000000100000000)
  eden space 158208K, 0% used [0x00000000e0000000,0x00000000e0000000,0x00000000e9a80000)
  from space 12288K, 60% used [0x00000000ea680000,0x00000000eadd06e8,0x00000000eb280000)
  to   space 12288K, 0% used [0x00000000e9a80000,0x00000000e9a80000,0x00000000ea680000)
 ParOldGen       total 45568K, used 14051K [0x00000000a0000000, 0x00000000a2c80000, 0x00000000e0000000)
  object space 45568K, 30% used [0x00000000a0000000,0x00000000a0db8ca0,0x00000000a2c80000)
 Metaspace       used 34591K, capacity 35310K, committed 35416K, reserved 1079296K
  class space    used 4749K, capacity 4945K, committed 4992K, reserved 1048576K
}
Event: 20.475 GC heap before
{Heap before GC invocations=12 (full 2):
 PSYoungGen      total 170496K, used 7489K [0x00000000e0000000, 0x00000000ebb00000, 0x0000000100000000)
  eden space 158208K, 0% used [0x00000000e0000000,0x00000000e0000000,0x00000000e9a80000)
  from space 12288K, 60% used [0x00000000ea680000,0x00000000eadd06e8,0x00000000eb280000)
  to   space 12288K, 0% used [0x00000000e9a80000,0x00000000e9a80000,0x00000000ea680000)
 ParOldGen       total 45568K, used 14051K [0x00000000a0000000, 0x00000000a2c80000, 0x00000000e0000000)
  object space 45568K, 30% used [0x00000000a0000000,0x00000000a0db8ca0,0x00000000a2c80000)
 Metaspace       used 34591K, capacity 35310K, committed 35416K, reserved 1079296K
  class space    used 4749K, capacity 4945K, committed 4992K, reserved 1048576K
Event: 20.568 GC heap after
Heap after GC invocations=12 (full 2):
 PSYoungGen      total 170496K, used 0K [0x00000000e0000000, 0x00000000ebb00000, 0x0000000100000000)
  eden space 158208K, 0% used [0x00000000e0000000,0x00000000e0000000,0x00000000e9a80000)
  from space 12288K, 0% used [0x00000000ea680000,0x00000000ea680000,0x00000000eb280000)
  to   space 12288K, 0% used [0x00000000e9a80000,0x00000000e9a80000,0x00000000ea680000)
 ParOldGen       total 67584K, used 18084K [0x00000000a0000000, 0x00000000a4200000, 0x00000000e0000000)
  object space 67584K, 26% used [0x00000000a0000000,0x00000000a11a9258,0x00000000a4200000)
 Metaspace       used 34588K, capacity 35298K, committed 35416K, reserved 1079296K
  class space    used 4747K, capacity 4943K, committed 4992K, reserved 1048576K
}
Event: 28.271 GC heap before
{Heap before GC invocations=13 (full 2):
 PSYoungGen      total 170496K, used 158208K [0x00000000e0000000, 0x00000000ebb00000, 0x0000000100000000)
  eden space 158208K, 100% used [0x00000000e0000000,0x00000000e9a80000,0x00000000e9a80000)
  from space 12288K, 0% used [0x00000000ea680000,0x00000000ea680000,0x00000000eb280000)
  to   space 12288K, 0% used [0x00000000e9a80000,0x00000000e9a80000,0x00000000ea680000)
 ParOldGen       total 67584K, used 18084K [0x00000000a0000000, 0x00000000a4200000, 0x00000000e0000000)
  object space 67584K, 26% used [0x00000000a0000000,0x00000000a11a9258,0x00000000a4200000)
 Metaspace       used 49044K, capacity 50518K, committed 50776K, reserved 1093632K
  class space    used 6598K, capacity 6990K, committed 7040K, reserved 1048576K
Event: 28.346 GC heap after
Heap after GC invocations=13 (full 2):
 PSYoungGen      total 170496K, used 12263K [0x00000000e0000000, 0x00000000ef880000, 0x0000000100000000)
  eden space 158208K, 0% used [0x00000000e0000000,0x00000000e0000000,0x00000000e9a80000)
  from space 12288K, 99% used [0x00000000e9a80000,0x00000000ea679d38,0x00000000ea680000)
  to   space 16384K, 0% used [0x00000000ee880000,0x00000000ee880000,0x00000000ef880000)
 ParOldGen       total 67584K, used 25531K [0x00000000a0000000, 0x00000000a4200000, 0x00000000e0000000)
  object space 67584K, 37% used [0x00000000a0000000,0x00000000a18eede8,0x00000000a4200000)
 Metaspace       used 49044K, capacity 50518K, committed 50776K, reserved 1093632K
  class space    used 6598K, capacity 6990K, committed 7040K, reserved 1048576K
}
Event: 34.003 GC heap before
{Heap before GC invocations=14 (full 2):
 PSYoungGen      total 170496K, used 153024K [0x00000000e0000000, 0x00000000ef880000, 0x0000000100000000)
  eden space 158208K, 88% used [0x00000000e0000000,0x00000000e8976390,0x00000000e9a80000)
  from space 12288K, 99% used [0x00000000e9a80000,0x00000000ea679d38,0x00000000ea680000)
  to   space 16384K, 0% used [0x00000000ee880000,0x00000000ee880000,0x00000000ef880000)
 ParOldGen       total 67584K, used 25531K [0x00000000a0000000, 0x00000000a4200000, 0x00000000e0000000)
  object space 67584K, 37% used [0x00000000a0000000,0x00000000a18eede8,0x00000000a4200000)
 Metaspace       used 55558K, capacity 59010K, committed 59028K, reserved 1099776K
  class space    used 7509K, capacity 8432K, committed 8448K, reserved 1048576K
Event: 34.065 GC heap after
Heap after GC invocations=14 (full 2):
 PSYoungGen      total 228352K, used 16352K [0x00000000e0000000, 0x00000000f0980000, 0x0000000100000000)
  eden space 211968K, 0% used [0x00000000e0000000,0x00000000e0000000,0x00000000ecf00000)
  from space 16384K, 99% used [0x00000000ee880000,0x00000000ef878010,0x00000000ef880000)
  to   space 26112K, 0% used [0x00000000ecf00000,0x00000000ecf00000,0x00000000ee880000)
 ParOldGen       total 67584K, used 45348K [0x00000000a0000000, 0x00000000a4200000, 0x00000000e0000000)
  object space 67584K, 67% used [0x00000000a0000000,0x00000000a2c49038,0x00000000a4200000)
 Metaspace       used 55558K, capacity 59010K, committed 59028K, reserved 1099776K
  class space    used 7509K, capacity 8432K, committed 8448K, reserved 1048576K
}
Event: 34.065 GC heap before
{Heap before GC invocations=15 (full 3):
 PSYoungGen      total 228352K, used 16352K [0x00000000e0000000, 0x00000000f0980000, 0x0000000100000000)
  eden space 211968K, 0% used [0x00000000e0000000,0x00000000e0000000,0x00000000ecf00000)
  from space 16384K, 99% used [0x00000000ee880000,0x00000000ef878010,0x00000000ef880000)
  to   space 26112K, 0% used [0x00000000ecf00000,0x00000000ecf00000,0x00000000ee880000)
 ParOldGen       total 67584K, used 45348K [0x00000000a0000000, 0x00000000a4200000, 0x00000000e0000000)
  object space 67584K, 67% used [0x00000000a0000000,0x00000000a2c49038,0x00000000a4200000)
 Metaspace       used 55558K, capacity 59010K, committed 59028K, reserved 1099776K
  class space    used 7509K, capacity 8432K, committed 8448K, reserved 1048576K
Event: 34.575 GC heap after
Heap after GC invocations=15 (full 3):
 PSYoungGen      total 228352K, used 0K [0x00000000e0000000, 0x00000000f0980000, 0x0000000100000000)
  eden space 211968K, 0% used [0x00000000e0000000,0x00000000e0000000,0x00000000ecf00000)
  from space 16384K, 0% used [0x00000000ee880000,0x00000000ee880000,0x00000000ef880000)
  to   space 26112K, 0% used [0x00000000ecf00000,0x00000000ecf00000,0x00000000ee880000)
 ParOldGen       total 67584K, used 52815K [0x00000000a0000000, 0x00000000a4200000, 0x00000000e0000000)
  object space 67584K, 78% used [0x00000000a0000000,0x00000000a3393c58,0x00000000a4200000)
 Metaspace       used 55558K, capacity 59010K, committed 59028K, reserved 1099776K
  class space    used 7509K, capacity 8432K, committed 8448K, reserved 1048576K
}

Deoptimization events (10 events):
Event: 34.631 Thread 0x000000001ae50000 Uncommon trap: reason=null_check action=make_not_entrant pc=0x000000000474ba4c method=org.gradle.tooling.internal.provider.runner.ClientForwardingTestOperationListener.started(Lorg/gradle/internal/operations/BuildOperationDescriptor;Lorg/gradle/internal/o
Event: 34.631 Thread 0x000000001ae50000 Uncommon trap: reason=null_check action=make_not_entrant pc=0x0000000004760c38 method=org.gradle.tooling.internal.provider.runner.PluginApplicationTracker.started(Lorg/gradle/internal/operations/BuildOperationDescriptor;Lorg/gradle/internal/operations/Ope
Event: 34.631 Thread 0x000000001ae50000 Uncommon trap: reason=null_check action=make_not_entrant pc=0x00000000047531a4 method=org.gradle.tooling.internal.provider.runner.TaskOriginTracker.started(Lorg/gradle/internal/operations/BuildOperationDescriptor;Lorg/gradle/internal/operations/OperationS
Event: 34.631 Thread 0x000000001ae50000 Uncommon trap: reason=null_check action=make_not_entrant pc=0x00000000046a85f0 method=org.gradle.tooling.internal.provider.runner.SubtreeFilteringBuildOperationListener.started(Lorg/gradle/internal/operations/BuildOperationDescriptor;Lorg/gradle/internal/
Event: 34.637 Thread 0x000000001ae50000 Uncommon trap: reason=null_check action=make_not_entrant pc=0x00000000047aa11c method=org.gradle.tooling.internal.provider.runner.ClientForwardingTestOperationListener.finished(Lorg/gradle/internal/operations/BuildOperationDescriptor;Lorg/gradle/internal/
Event: 34.637 Thread 0x000000001ae50000 Uncommon trap: reason=null_check action=make_not_entrant pc=0x00000000047ab464 method=org.gradle.api.internal.tasks.compile.tooling.JavaCompileTaskSuccessResultPostProcessor.finished(Lorg/gradle/internal/operations/BuildOperationDescriptor;Lorg/gradle/int
Event: 34.727 Thread 0x000000001ae50000 Uncommon trap: reason=class_check action=maybe_recompile pc=0x00000000047870c4 method=sun.reflect.GeneratedConstructorAccessor19.newInstance([Ljava/lang/Object;)Ljava/lang/Object; @ 33
Event: 34.727 Thread 0x000000001ae50000 Uncommon trap: reason=class_check action=maybe_recompile pc=0x00000000047870c4 method=sun.reflect.GeneratedConstructorAccessor19.newInstance([Ljava/lang/Object;)Ljava/lang/Object; @ 33
Event: 34.727 Thread 0x000000001ae50000 Uncommon trap: reason=class_check action=maybe_recompile pc=0x00000000047870c4 method=sun.reflect.GeneratedConstructorAccessor19.newInstance([Ljava/lang/Object;)Ljava/lang/Object; @ 33
Event: 34.731 Thread 0x000000001ae50000 Uncommon trap: reason=class_check action=maybe_recompile pc=0x00000000047870c4 method=sun.reflect.GeneratedConstructorAccessor19.newInstance([Ljava/lang/Object;)Ljava/lang/Object; @ 33

Classes redefined (0 events):
No events

Internal exceptions (10 events):
Event: 33.993 Thread 0x000000001ae50000 Exception <a 'java/lang/ClassNotFoundException': build_6mgktzd45qznwlkr1oexpvx5v$_run_closure1$_closure4Customizer> (0x00000000e8872648) thrown at [D:\src\AOSP-openjdk-cygwin\jdk8u\hotspot\src\share\vm\classfile\systemDictionary.cpp, line 210]
Event: 33.994 Thread 0x000000001ae50000 Exception <a 'java/lang/ClassNotFoundException': build_6mgktzd45qznwlkr1oexpvx5v$_run_closure1BeanInfo> (0x00000000e889c498) thrown at [D:\src\AOSP-openjdk-cygwin\jdk8u\hotspot\src\share\vm\classfile\systemDictionary.cpp, line 210]
Event: 33.995 Thread 0x000000001ae50000 Exception <a 'java/lang/ClassNotFoundException': build_6mgktzd45qznwlkr1oexpvx5v$_run_closure1Customizer> (0x00000000e88ad508) thrown at [D:\src\AOSP-openjdk-cygwin\jdk8u\hotspot\src\share\vm\classfile\systemDictionary.cpp, line 210]
Event: 34.631 Thread 0x000000001ae50000 Implicit null exception at 0x0000000004746e73 to 0x0000000004747185
Event: 34.631 Thread 0x000000001ae50000 Implicit null exception at 0x000000000474b993 to 0x000000000474ba39
Event: 34.631 Thread 0x000000001ae50000 Implicit null exception at 0x00000000047603b9 to 0x0000000004760c29
Event: 34.631 Thread 0x000000001ae50000 Implicit null exception at 0x0000000004752cf6 to 0x0000000004753191
Event: 34.631 Thread 0x000000001ae50000 Implicit null exception at 0x00000000046a828c to 0x00000000046a85dd
Event: 34.637 Thread 0x000000001ae50000 Implicit null exception at 0x00000000047aa053 to 0x00000000047aa105
Event: 34.637 Thread 0x000000001ae50000 Implicit null exception at 0x00000000047ab393 to 0x00000000047ab44d

Events (10 events):
Event: 34.842 Thread 0x0000000018f8d800 flushing nmethod 0x000000000379e210
Event: 34.842 Thread 0x0000000018f8d800 flushing nmethod 0x00000000037a9890
Event: 34.842 Thread 0x0000000018f8d800 flushing nmethod 0x00000000037c0010
Event: 34.843 Thread 0x0000000018f8d800 flushing nmethod 0x00000000037f69d0
Event: 34.843 Thread 0x0000000018f8d800 flushing nmethod 0x0000000003807b50
Event: 34.843 Thread 0x0000000018f99000 flushing nmethod 0x0000000003850a90
Event: 34.843 Thread 0x0000000018f99000 flushing nmethod 0x0000000003861c50
Event: 34.843 Thread 0x0000000018f99000 flushing nmethod 0x0000000003887050
Event: 34.843 Thread 0x0000000018f99000 flushing nmethod 0x00000000038a4c90
Event: 34.843 Thread 0x0000000018f99000 flushing nmethod 0x00000000038b0590


Dynamic libraries:
0x00007ff7018d0000 - 0x00007ff701901000 	D:\Programming\Android Studio\jre\bin\java.exe
0x00007ff840b60000 - 0x00007ff840d50000 	C:\WINDOWS\SYSTEM32\ntdll.dll
0x00007ff840360000 - 0x00007ff840412000 	C:\WINDOWS\System32\KERNEL32.DLL
0x00007ff83df30000 - 0x00007ff83e1d3000 	C:\WINDOWS\System32\KERNELBASE.dll
0x00007ff840570000 - 0x00007ff840613000 	C:\WINDOWS\System32\ADVAPI32.dll
0x00007ff8401c0000 - 0x00007ff84025e000 	C:\WINDOWS\System32\msvcrt.dll
0x00007ff83f530000 - 0x00007ff83f5c7000 	C:\WINDOWS\System32\sechost.dll
0x00007ff840940000 - 0x00007ff840a60000 	C:\WINDOWS\System32\RPCRT4.dll
0x00007ff840740000 - 0x00007ff8408d4000 	C:\WINDOWS\System32\USER32.dll
0x00007ff83ebe0000 - 0x00007ff83ec01000 	C:\WINDOWS\System32\win32u.dll
0x00007ff840100000 - 0x00007ff840126000 	C:\WINDOWS\System32\GDI32.dll
0x00007ff83dbd0000 - 0x00007ff83dd64000 	C:\WINDOWS\System32\gdi32full.dll
0x00007ff83e1e0000 - 0x00007ff83e27e000 	C:\WINDOWS\System32\msvcp_win.dll
0x00007ff83ea00000 - 0x00007ff83eafa000 	C:\WINDOWS\System32\ucrtbase.dll
0x00007ff82b2f0000 - 0x00007ff82b575000 	C:\WINDOWS\WinSxS\amd64_microsoft.windows.common-controls_6595b64144ccf1df_6.0.18362.476_none_e6c4b11b130f2595\COMCTL32.dll
0x00007ff83fdc0000 - 0x00007ff8400f6000 	C:\WINDOWS\System32\combase.dll
0x00007ff83daf0000 - 0x00007ff83db70000 	C:\WINDOWS\System32\bcryptPrimitives.dll
0x00007ff840330000 - 0x00007ff84035e000 	C:\WINDOWS\System32\IMM32.DLL
0x00000000509e0000 - 0x0000000050ab2000 	D:\Programming\Android Studio\jre\jre\bin\msvcr100.dll
0x00000000777b0000 - 0x0000000077ff6000 	D:\Programming\Android Studio\jre\jre\bin\server\jvm.dll
0x00007ff8402c0000 - 0x00007ff8402c8000 	C:\WINDOWS\System32\PSAPI.DLL
0x00007ff8372b0000 - 0x00007ff8372ba000 	C:\WINDOWS\SYSTEM32\VERSION.dll
0x00007ff83b070000 - 0x00007ff83b094000 	C:\WINDOWS\SYSTEM32\WINMM.dll
0x00007ff839e20000 - 0x00007ff839e29000 	C:\WINDOWS\SYSTEM32\WSOCK32.dll
0x00007ff840130000 - 0x00007ff84019f000 	C:\WINDOWS\System32\WS2_32.dll
0x00007ff83ae60000 - 0x00007ff83ae8d000 	C:\WINDOWS\SYSTEM32\WINMMBASE.dll
0x00007ff83dd90000 - 0x00007ff83ddda000 	C:\WINDOWS\System32\cfgmgr32.dll
0x00007ff839e10000 - 0x00007ff839e1f000 	D:\Programming\Android Studio\jre\jre\bin\verify.dll
0x00007ff837ee0000 - 0x00007ff837f09000 	D:\Programming\Android Studio\jre\jre\bin\java.dll
0x00007ff839df0000 - 0x00007ff839e06000 	D:\Programming\Android Studio\jre\jre\bin\zip.dll
0x00007ff83ee40000 - 0x00007ff83f525000 	C:\WINDOWS\System32\SHELL32.dll
0x00007ff840a60000 - 0x00007ff840b09000 	C:\WINDOWS\System32\shcore.dll
0x00007ff83e280000 - 0x00007ff83e9fe000 	C:\WINDOWS\System32\windows.storage.dll
0x00007ff83da80000 - 0x00007ff83da9f000 	C:\WINDOWS\System32\profapi.dll
0x00007ff83daa0000 - 0x00007ff83daea000 	C:\WINDOWS\System32\powrprof.dll
0x00007ff83da30000 - 0x00007ff83da40000 	C:\WINDOWS\System32\UMPDC.dll
0x00007ff8402d0000 - 0x00007ff840322000 	C:\WINDOWS\System32\shlwapi.dll
0x00007ff83da60000 - 0x00007ff83da71000 	C:\WINDOWS\System32\kernel.appcore.dll
0x00007ff83dd70000 - 0x00007ff83dd87000 	C:\WINDOWS\System32\cryptsp.dll
0x00007ff837ec0000 - 0x00007ff837eda000 	D:\Programming\Android Studio\jre\jre\bin\net.dll
0x00007ff83d240000 - 0x00007ff83d2a7000 	C:\WINDOWS\system32\mswsock.dll
0x00007ff829700000 - 0x00007ff829711000 	D:\Programming\Android Studio\jre\jre\bin\nio.dll
0x00007ff814990000 - 0x00007ff8149b6000 	C:\Users\Z-P-J\.gradle\native\29\windows-amd64\native-platform.dll
0x00007ff82cd60000 - 0x00007ff82cd6d000 	D:\Programming\Android Studio\jre\jre\bin\management.dll
0x00007ff83cdb0000 - 0x00007ff83cde3000 	C:\WINDOWS\system32\rsaenh.dll
0x00007ff83ebb0000 - 0x00007ff83ebd6000 	C:\WINDOWS\System32\bcrypt.dll
0x00007ff83d950000 - 0x00007ff83d975000 	C:\WINDOWS\SYSTEM32\USERENV.dll
0x00007ff83d410000 - 0x00007ff83d41c000 	C:\WINDOWS\SYSTEM32\CRYPTBASE.dll
0x00007ff83cf50000 - 0x00007ff83cf8a000 	C:\WINDOWS\SYSTEM32\IPHLPAPI.DLL
0x00007ff840b10000 - 0x00007ff840b18000 	C:\WINDOWS\System32\NSI.dll
0x00007ff833ec0000 - 0x00007ff833ed6000 	C:\WINDOWS\SYSTEM32\dhcpcsvc6.DLL
0x00007ff8340d0000 - 0x00007ff8340ec000 	C:\WINDOWS\SYSTEM32\dhcpcsvc.DLL
0x00007ff83cf90000 - 0x00007ff83d05a000 	C:\WINDOWS\SYSTEM32\DNSAPI.dll

VM Arguments:
jvm_args: -Xmx1536m -Dfile.encoding=GBK -Duser.country=CN -Duser.language=zh -Duser.variant 
java_command: org.gradle.launcher.daemon.bootstrap.GradleDaemon 5.5.1
java_class_path (initial): C:\Users\Z-P-J\.gradle\wrapper\dists\gradle-5.5.1-all\8yl0syll3fr5m1v472nzznadi\gradle-5.5.1\lib\gradle-launcher-5.5.1.jar
Launcher Type: SUN_STANDARD

Environment Variables:
JAVA_HOME=C:\Program Files\Java\jdk1.8.0_212\
PATH=C:\Python27\;C:\Python27\Scripts;C:\Program Files\Java\jdk1.8.0_212\\bin\;C:\WINDOWS\system32;C:\WINDOWS;C:\WINDOWS\System32\Wbem;C:\WINDOWS\System32\WindowsPowerShell\v1.0\;C:\WINDOWS\System32\OpenSSH\;C:\Program Files\Intel\WiFi\bin\;C:\Program Files\Common Files\Intel\WirelessCommon\;D:\Program Files\Git\cmd;D:\Program Files\Matlab R2019a\runtime\win64;D:\Program Files\Matlab R2019a\bin;D:\Program Files\Matlab R2019a\polyspace\bin;D:\Programming\apache-maven-3.6.2\bin;D:\Programming\nodejs\;C:\Program Files (x86)\Common Files\Thunder Network\KanKan\Codecs;D:\Programming\mingw64\bin;C:\Users\Z-P-J\AppData\Local\Programs\Python\Python37\Scripts\;C:\Users\Z-P-J\AppData\Local\Programs\Python\Python37\;C:\Program Files\MySQL\MySQL Shell 8.0\bin\;D:\Program Files\Microsoft VS Code\bin;C:\Users\Z-P-J\AppData\Local\GitHubDesktop\bin;C:\Users\Z-P-J\AppData\Local\Microsoft\WindowsApps;C:\Users\Z-P-J\AppData\Roaming\npm
USERNAME=Z-P-J
OS=Windows_NT
PROCESSOR_IDENTIFIER=AMD64 Family 23 Model 24 Stepping 1, AuthenticAMD



---------------  S Y S T E M  ---------------

OS: Windows 10.0 , 64 bit Build 18362 (10.0.18362.329)

CPU:total 8 (initial active 8) (8 cores per cpu, 1 threads per core) family 23 model 24 stepping 1, cmov, cx8, fxsr, mmx, sse, sse2, sse3, ssse3, sse4.1, sse4.2, popcnt, avx, avx2, aes, clmul, mmxext, 3dnowpref, lzcnt, sse4a, tsc, tscinvbit, tscinv, bmi1

Memory: 4k page, physical 7277196k(409524k free), swap 17762952k(5800k free)

vm_info: OpenJDK 64-Bit Server VM (25.202-b03) for windows-amd64 JRE (1.8.0_202-release-1483-b03), built by "builder" with MS VC++ 10.0 (VS2010)

time: Thu Nov 28 20:52:17 2019
timezone: 中国标准时间
elapsed time: 34 seconds (0d 0h 0m 34s)

