#
# There is insufficient memory for the Java Runtime Environment to continue.
# Native memory allocation (malloc) failed to allocate 1335216 bytes for Chunk::new
# Possible reasons:
#   The system is out of physical RAM or swap space
#   The process is running with CompressedOops enabled, and the Java Heap may be blocking the growth of the native heap
# Possible solutions:
#   Reduce memory load on the system
#   Increase physical memory or swap space
#   Check if swap backing store is full
#   Decrease Java heap size (-Xmx/-Xms)
#   Decrease number of Java threads
#   Decrease Java thread stack sizes (-Xss)
#   Set larger code cache with -XX:ReservedCodeCacheSize=
#   JVM is running with Unscaled Compressed Oops mode in which the Java heap is
#     placed in the first 4GB address space. The Java Heap base address is the
#     maximum limit for the native heap growth. Please use -XX:HeapBaseMinAddress
#     to set the Java Heap base and to place the Java Heap above 4GB virtual address.
# This output file may be truncated or incomplete.
#
#  Out of Memory Error (allocation.cpp:389), pid=57936, tid=0x000000000000e114
#
# JRE version: Java(TM) SE Runtime Environment (8.0_212-b10) (build 1.8.0_212-b10)
# Java VM: Java HotSpot(TM) 64-Bit Server VM (25.212-b10 mixed mode windows-amd64 compressed oops)
# Failed to write core dump. Minidumps are not enabled by default on client versions of Windows
#

---------------  T H R E A D  ---------------

Current thread (0x0000000018450800):  JavaThread "C2 CompilerThread2" daemon [_thread_in_native, id=57620, stack(0x0000000018e10000,0x0000000018f10000)]

Stack: [0x0000000018e10000,0x0000000018f10000]
[error occurred during error reporting (printing stack bounds), id 0xc0000005]

Native frames: (J=compiled Java code, j=interpreted, Vv=VM code, C=native code)


Current CompileTask:
C2:  62211 18712       4       com.android.tools.r8.shaking.Enqueuer::a (468 bytes)


---------------  P R O C E S S  ---------------

Java Threads: ( => current thread )
  0x0000000026b4c000 JavaThread "ForkJoinPool-2-worker-1" daemon [_thread_blocked, id=30144, stack(0x0000000027bd0000,0x0000000027cd0000)]
  0x0000000026b4b000 JavaThread "ForkJoinPool-2-worker-0" daemon [_thread_blocked, id=41792, stack(0x0000000027ed0000,0x0000000027fd0000)]
  0x000000001ec17800 JavaThread "ForkJoinPool-2-worker-2" daemon [_thread_blocked, id=61128, stack(0x0000000027cd0000,0x0000000027dd0000)]
  0x000000001ec1b000 JavaThread "WorkerExecutor Queue" [_thread_blocked, id=28572, stack(0x00000000260e0000,0x00000000261e0000)]
  0x000000001ec15000 JavaThread "Cache worker for Java compile cache (D:\Programming\AndroidProjects\sjly\.gradle\5.5.1\javaCompile)" [_thread_blocked, id=57744, stack(0x00000000259e0000,0x0000000025ae0000)]
  0x000000001ec12000 JavaThread "Cache worker for Java compile cache (D:\Programming\.gradle\caches\5.5.1\javaCompile)" [_thread_blocked, id=25636, stack(0x00000000258e0000,0x00000000259e0000)]
  0x000000001ec0f000 JavaThread "Cache worker for execution history cache (D:\Programming\AndroidProjects\sjly\.gradle\5.5.1\executionHistory)" [_thread_blocked, id=60776, stack(0x0000000024fe0000,0x00000000250e0000)]
  0x000000001ec14000 JavaThread "Execution worker for ':' Thread 7" [_thread_blocked, id=56272, stack(0x0000000024ee0000,0x0000000024fe0000)]
  0x000000001f008800 JavaThread "Execution worker for ':' Thread 6" [_thread_blocked, id=59856, stack(0x0000000024de0000,0x0000000024ee0000)]
  0x000000001f007800 JavaThread "Execution worker for ':' Thread 5" [_thread_blocked, id=60704, stack(0x0000000024ce0000,0x0000000024de0000)]
  0x000000001f007000 JavaThread "Execution worker for ':' Thread 4" [_thread_blocked, id=34304, stack(0x0000000024be0000,0x0000000024ce0000)]
  0x000000001f006000 JavaThread "Execution worker for ':' Thread 3" [_thread_blocked, id=60256, stack(0x0000000024ae0000,0x0000000024be0000)]
  0x000000001efff800 JavaThread "Execution worker for ':' Thread 2" [_thread_blocked, id=24012, stack(0x00000000249e0000,0x0000000024ae0000)]
  0x000000001f005800 JavaThread "Execution worker for ':'" [_thread_in_Java, id=60376, stack(0x00000000248e0000,0x00000000249e0000)]
  0x000000001f004000 JavaThread "Cache worker for file content cache (D:\Programming\AndroidProjects\sjly\.gradle\5.5.1\fileContent)" [_thread_blocked, id=60964, stack(0x0000000023410000,0x0000000023510000)]
  0x000000001f003000 JavaThread "Cache worker for file content cache (D:\Programming\.gradle\caches\5.5.1\fileContent)" [_thread_blocked, id=60040, stack(0x0000000023310000,0x0000000023410000)]
  0x000000001f002800 JavaThread "Memory manager" [_thread_blocked, id=59316, stack(0x0000000023010000,0x0000000023110000)]
  0x000000001effb800 JavaThread "Cache worker for Build Output Cleanup Cache (D:\Programming\AndroidProjects\sjly\.gradle\buildOutputCleanup)" [_thread_blocked, id=59280, stack(0x00000000213f0000,0x00000000214f0000)]
  0x000000001f001800 JavaThread "pool-1-thread-1" [_thread_blocked, id=35148, stack(0x00000000200d0000,0x00000000201d0000)]
  0x000000001effe800 JavaThread "Build operations Thread 8" [_thread_blocked, id=59088, stack(0x0000000021c70000,0x0000000021d70000)]
  0x000000001effa000 JavaThread "Build operations Thread 7" [_thread_blocked, id=59704, stack(0x0000000021b70000,0x0000000021c70000)]
  0x000000001effe000 JavaThread "Build operations Thread 6" [_thread_blocked, id=60976, stack(0x0000000021a70000,0x0000000021b70000)]
  0x000000001f001000 JavaThread "Build operations Thread 5" [_thread_blocked, id=53772, stack(0x0000000021970000,0x0000000021a70000)]
  0x000000001eff9800 JavaThread "Build operations Thread 4" [_thread_blocked, id=36176, stack(0x0000000021870000,0x0000000021970000)]
  0x000000001effd000 JavaThread "Build operations Thread 3" [_thread_blocked, id=38748, stack(0x0000000021770000,0x0000000021870000)]
  0x000000001effb000 JavaThread "Build operations Thread 2" [_thread_blocked, id=30328, stack(0x0000000021670000,0x0000000021770000)]
  0x000000001f000000 JavaThread "Build operations" [_thread_blocked, id=57104, stack(0x0000000021570000,0x0000000021670000)]
  0x000000001a343000 JavaThread "Cache worker for execution history cache (D:\Programming\.gradle\caches\5.5.1\executionHistory)" [_thread_blocked, id=47564, stack(0x000000001ffd0000,0x00000000200d0000)]
  0x000000001a340000 JavaThread "Cache worker for cache directory md-rule (D:\Programming\.gradle\caches\5.5.1\md-rule)" [_thread_blocked, id=61288, stack(0x000000001fed0000,0x000000001ffd0000)]
  0x000000001a342000 JavaThread "Cache worker for cache directory md-supplier (D:\Programming\.gradle\caches\5.5.1\md-supplier)" [_thread_blocked, id=59496, stack(0x000000001de30000,0x000000001df30000)]
  0x000000001a33f000 JavaThread "Cache worker for file hash cache (D:\Programming\AndroidProjects\sjly\.gradle\5.5.1\fileHashes)" [_thread_blocked, id=47468, stack(0x000000001df90000,0x000000001e090000)]
  0x000000001a346000 JavaThread "Cache worker for journal cache (D:\Programming\.gradle\caches\journal-1)" [_thread_blocked, id=59112, stack(0x000000001bd90000,0x000000001be90000)]
  0x000000001a345800 JavaThread "File lock request listener" [_thread_in_native, id=57604, stack(0x000000001bc90000,0x000000001bd90000)]
  0x000000001a344000 JavaThread "Cache worker for file hash cache (D:\Programming\.gradle\caches\5.5.1\fileHashes)" [_thread_blocked, id=60136, stack(0x000000001b990000,0x000000001ba90000)]
  0x000000001a794800 JavaThread "Thread-9" [_thread_blocked, id=57356, stack(0x000000001b890000,0x000000001b990000)]
  0x000000001a7b1000 JavaThread "Stdin handler" [_thread_blocked, id=41400, stack(0x000000001b790000,0x000000001b890000)]
  0x000000001a7ae000 JavaThread "Asynchronous log dispatcher for DefaultDaemonConnection: socket connection from /127.0.0.1:6393 to /127.0.0.1:6394" [_thread_blocked, id=55208, stack(0x000000001b590000,0x000000001b690000)]
  0x000000001a7a8800 JavaThread "Daemon worker" [_thread_blocked, id=31120, stack(0x000000001b490000,0x000000001b590000)]
  0x000000001a7a4000 JavaThread "Cancel handler" [_thread_blocked, id=17672, stack(0x000000001b390000,0x000000001b490000)]
  0x000000001a761800 JavaThread "Handler for socket connection from /127.0.0.1:6393 to /127.0.0.1:6394" [_thread_in_native, id=3780, stack(0x000000001b090000,0x000000001b190000)]
  0x000000001a760000 JavaThread "Daemon" [_thread_blocked, id=56416, stack(0x000000001af90000,0x000000001b090000)]
  0x000000001a53f000 JavaThread "Daemon periodic checks" [_thread_blocked, id=60580, stack(0x000000001ae90000,0x000000001af90000)]
  0x000000001a2f4800 JavaThread "Incoming local TCP Connector on port 6393" [_thread_in_native, id=58228, stack(0x000000001ace0000,0x000000001ade0000)]
  0x000000001a6d4800 JavaThread "Daemon health stats" [_thread_blocked, id=57552, stack(0x000000001a9e0000,0x000000001aae0000)]
  0x00000000184d5000 JavaThread "Service Thread" daemon [_thread_blocked, id=49376, stack(0x0000000019010000,0x0000000019110000)]
  0x0000000018457800 JavaThread "C1 CompilerThread3" daemon [_thread_blocked, id=56060, stack(0x0000000018f10000,0x0000000019010000)]
=>0x0000000018450800 JavaThread "C2 CompilerThread2" daemon [_thread_in_native, id=57620, stack(0x0000000018e10000,0x0000000018f10000)]
  0x0000000018443000 JavaThread "C2 CompilerThread1" daemon [_thread_in_native, id=28744, stack(0x0000000018d10000,0x0000000018e10000)]
  0x0000000018440000 JavaThread "C2 CompilerThread0" daemon [_thread_in_native, id=52488, stack(0x0000000018c10000,0x0000000018d10000)]
  0x000000001843c800 JavaThread "Attach Listener" daemon [_thread_blocked, id=30160, stack(0x0000000018b10000,0x0000000018c10000)]
  0x00000000183e9800 JavaThread "Signal Dispatcher" daemon [_thread_blocked, id=59108, stack(0x0000000018a10000,0x0000000018b10000)]
  0x00000000183d1800 JavaThread "Finalizer" daemon [_thread_blocked, id=60984, stack(0x00000000188b0000,0x00000000189b0000)]
  0x00000000183d0800 JavaThread "Reference Handler" daemon [_thread_blocked, id=15948, stack(0x00000000187b0000,0x00000000188b0000)]
  0x0000000002712800 JavaThread "main" [_thread_blocked, id=51824, stack(0x0000000002260000,0x0000000002360000)]

Other Threads:
  0x00000000165c9800 VMThread [stack: 0x00000000182b0000,0x00000000183b0000] [id=58484]
  0x0000000018492000 WatcherThread [stack: 0x0000000019110000,0x0000000019210000] [id=59700]

VM state:not at safepoint (normal execution)

VM Mutex/Monitor currently owned by a thread: None

heap address: 0x00000000a0000000, size: 1536 MB, Compressed Oops mode: 32-bit
Narrow klass base: 0x0000000000000000, Narrow klass shift: 3
Compressed class space size: 1073741824 Address: 0x0000000100000000

Heap:
 PSYoungGen      total 349696K, used 104212K [0x00000000e0000000, 0x0000000100000000, 0x0000000100000000)
  eden space 175104K, 54% used [0x00000000e0000000,0x00000000e5d8e880,0x00000000eab00000)
  from space 174592K, 4% used [0x00000000f5580000,0x00000000f5db6a50,0x0000000100000000)
  to   space 174592K, 0% used [0x00000000eab00000,0x00000000eab00000,0x00000000f5580000)
 ParOldGen       total 481280K, used 276072K [0x00000000a0000000, 0x00000000bd600000, 0x00000000e0000000)
  object space 481280K, 57% used [0x00000000a0000000,0x00000000b0d9a230,0x00000000bd600000)
 Metaspace       used 82893K, capacity 87092K, committed 89728K, reserved 1126400K
  class space    used 11025K, capacity 11941K, committed 12160K, reserved 1048576K

Card table byte_map: [0x0000000011bd0000,0x0000000011ee0000] byte_map_base: 0x00000000116d0000

Marking Bits: (ParMarkBitMap*) 0x00000000509f5ce0
 Begin Bits: [0x00000000128e0000, 0x00000000140e0000)
 End Bits:   [0x00000000140e0000, 0x00000000158e0000)

Polling page: 0x0000000000a30000

CodeCache: size=245760Kb used=53625Kb max_used=53625Kb free=192134Kb
 bounds [0x0000000002810000, 0x0000000005cc0000, 0x0000000011810000]
 total_blobs=15577 nmethods=14686 adapters=802
 compilation: enabled

Compilation events (10 events):
Event: 62.023 Thread 0x0000000018457800 18775       1       com.android.tools.r8.graph.DexValue$DexValueString::j (3 bytes)
Event: 62.024 Thread 0x0000000018457800 nmethod 18775 0x000000000524dfd0 code [0x000000000524e120, 0x000000000524e230]
Event: 62.050 Thread 0x0000000018457800 18776       2       com.android.tools.r8.graph.DexValue$j::a (14 bytes)
Event: 62.051 Thread 0x0000000018457800 nmethod 18776 0x0000000005ca3e50 code [0x0000000005ca3fe0, 0x0000000005ca4228]
Event: 62.057 Thread 0x0000000018457800 18777       2       com.android.tools.r8.graph.DexEncodedField::l (5 bytes)
Event: 62.057 Thread 0x0000000018457800 nmethod 18777 0x0000000005ca3b10 code [0x0000000005ca3c60, 0x0000000005ca3db0]
Event: 62.196 Thread 0x0000000018457800 18779       2       com.android.tools.r8.m.a.a.a.A$a::equals (51 bytes)
Event: 62.197 Thread 0x0000000018457800 nmethod 18779 0x0000000005ca35d0 code [0x0000000005ca3740, 0x0000000005ca39e8]
Event: 62.197 Thread 0x0000000018457800 18780       2       com.android.tools.r8.m.a.a.a.A::b (27 bytes)
Event: 62.197 Thread 0x0000000018457800 nmethod 18780 0x0000000005ca3210 code [0x0000000005ca3380, 0x0000000005ca3548]

GC Heap History (10 events):
Event: 56.107 GC heap before
{Heap before GC invocations=30 (full 5):
 PSYoungGen      total 340480K, used 340460K [0x00000000e0000000, 0x0000000100000000, 0x0000000100000000)
  eden space 210944K, 100% used [0x00000000e0000000,0x00000000ece00000,0x00000000ece00000)
  from space 129536K, 99% used [0x00000000f8180000,0x00000000ffffb2f8,0x0000000100000000)
  to   space 156672K, 0% used [0x00000000ece00000,0x00000000ece00000,0x00000000f6700000)
 ParOldGen       total 470016K, used 317252K [0x00000000a0000000, 0x00000000bcb00000, 0x00000000e0000000)
  object space 470016K, 67% used [0x00000000a0000000,0x00000000b35d1110,0x00000000bcb00000)
 Metaspace       used 83641K, capacity 87710K, committed 87936K, reserved 1126400K
  class space    used 10990K, capacity 11902K, committed 11904K, reserved 1048576K
Event: 56.270 GC heap after
Heap after GC invocations=30 (full 5):
 PSYoungGen      total 360448K, used 149056K [0x00000000e0000000, 0x0000000100000000, 0x0000000100000000)
  eden space 210944K, 0% used [0x00000000e0000000,0x00000000e0000000,0x00000000ece00000)
  from space 149504K, 99% used [0x00000000ece00000,0x00000000f5f90068,0x00000000f6000000)
  to   space 163840K, 0% used [0x00000000f6000000,0x00000000f6000000,0x0000000100000000)
 ParOldGen       total 470016K, used 344398K [0x00000000a0000000, 0x00000000bcb00000, 0x00000000e0000000)
  object space 470016K, 73% used [0x00000000a0000000,0x00000000b5053a68,0x00000000bcb00000)
 Metaspace       used 83641K, capacity 87710K, committed 87936K, reserved 1126400K
  class space    used 10990K, capacity 11902K, committed 11904K, reserved 1048576K
}
Event: 57.577 GC heap before
{Heap before GC invocations=31 (full 5):
 PSYoungGen      total 360448K, used 360000K [0x00000000e0000000, 0x0000000100000000, 0x0000000100000000)
  eden space 210944K, 100% used [0x00000000e0000000,0x00000000ece00000,0x00000000ece00000)
  from space 149504K, 99% used [0x00000000ece00000,0x00000000f5f90068,0x00000000f6000000)
  to   space 163840K, 0% used [0x00000000f6000000,0x00000000f6000000,0x0000000100000000)
 ParOldGen       total 470016K, used 344398K [0x00000000a0000000, 0x00000000bcb00000, 0x00000000e0000000)
  object space 470016K, 73% used [0x00000000a0000000,0x00000000b5053a68,0x00000000bcb00000)
 Metaspace       used 85216K, capacity 89324K, committed 89472K, reserved 1126400K
  class space    used 11211K, capacity 12119K, committed 12160K, reserved 1048576K
Event: 57.692 GC heap after
Heap after GC invocations=31 (full 5):
 PSYoungGen      total 338944K, used 124769K [0x00000000e0000000, 0x0000000100000000, 0x0000000100000000)
  eden space 175104K, 0% used [0x00000000e0000000,0x00000000e0000000,0x00000000eab00000)
  from space 163840K, 76% used [0x00000000f6000000,0x00000000fd9d8408,0x0000000100000000)
  to   space 174592K, 0% used [0x00000000eab00000,0x00000000eab00000,0x00000000f5580000)
 ParOldGen       total 470016K, used 392280K [0x00000000a0000000, 0x00000000bcb00000, 0x00000000e0000000)
  object space 470016K, 83% used [0x00000000a0000000,0x00000000b7f16268,0x00000000bcb00000)
 Metaspace       used 85216K, capacity 89324K, committed 89472K, reserved 1126400K
  class space    used 11211K, capacity 12119K, committed 12160K, reserved 1048576K
}
Event: 58.106 GC heap before
{Heap before GC invocations=32 (full 5):
 PSYoungGen      total 338944K, used 299873K [0x00000000e0000000, 0x0000000100000000, 0x0000000100000000)
  eden space 175104K, 100% used [0x00000000e0000000,0x00000000eab00000,0x00000000eab00000)
  from space 163840K, 76% used [0x00000000f6000000,0x00000000fd9d8408,0x0000000100000000)
  to   space 174592K, 0% used [0x00000000eab00000,0x00000000eab00000,0x00000000f5580000)
 ParOldGen       total 470016K, used 392280K [0x00000000a0000000, 0x00000000bcb00000, 0x00000000e0000000)
  object space 470016K, 83% used [0x00000000a0000000,0x00000000b7f16268,0x00000000bcb00000)
 Metaspace       used 85250K, capacity 89410K, committed 89472K, reserved 1126400K
  class space    used 11221K, capacity 12134K, committed 12160K, reserved 1048576K
Event: 58.215 GC heap after
Heap after GC invocations=32 (full 5):
 PSYoungGen      total 349696K, used 47720K [0x00000000e0000000, 0x0000000100000000, 0x0000000100000000)
  eden space 175104K, 0% used [0x00000000e0000000,0x00000000e0000000,0x00000000eab00000)
  from space 174592K, 27% used [0x00000000eab00000,0x00000000ed99a198,0x00000000f5580000)
  to   space 174592K, 0% used [0x00000000f5580000,0x00000000f5580000,0x0000000100000000)
 ParOldGen       total 481280K, used 481196K [0x00000000a0000000, 0x00000000bd600000, 0x00000000e0000000)
  object space 481280K, 99% used [0x00000000a0000000,0x00000000bd5eb0c8,0x00000000bd600000)
 Metaspace       used 85250K, capacity 89410K, committed 89472K, reserved 1126400K
  class space    used 11221K, capacity 12134K, committed 12160K, reserved 1048576K
}
Event: 58.215 GC heap before
{Heap before GC invocations=33 (full 6):
 PSYoungGen      total 349696K, used 47720K [0x00000000e0000000, 0x0000000100000000, 0x0000000100000000)
  eden space 175104K, 0% used [0x00000000e0000000,0x00000000e0000000,0x00000000eab00000)
  from space 174592K, 27% used [0x00000000eab00000,0x00000000ed99a198,0x00000000f5580000)
  to   space 174592K, 0% used [0x00000000f5580000,0x00000000f5580000,0x0000000100000000)
 ParOldGen       total 481280K, used 481196K [0x00000000a0000000, 0x00000000bd600000, 0x00000000e0000000)
  object space 481280K, 99% used [0x00000000a0000000,0x00000000bd5eb0c8,0x00000000bd600000)
 Metaspace       used 85250K, capacity 89410K, committed 89472K, reserved 1126400K
  class space    used 11221K, capacity 12134K, committed 12160K, reserved 1048576K
Event: 59.246 GC heap after
Heap after GC invocations=33 (full 6):
 PSYoungGen      total 349696K, used 0K [0x00000000e0000000, 0x0000000100000000, 0x0000000100000000)
  eden space 175104K, 0% used [0x00000000e0000000,0x00000000e0000000,0x00000000eab00000)
  from space 174592K, 0% used [0x00000000eab00000,0x00000000eab00000,0x00000000f5580000)
  to   space 174592K, 0% used [0x00000000f5580000,0x00000000f5580000,0x0000000100000000)
 ParOldGen       total 481280K, used 276072K [0x00000000a0000000, 0x00000000bd600000, 0x00000000e0000000)
  object space 481280K, 57% used [0x00000000a0000000,0x00000000b0d9a230,0x00000000bd600000)
 Metaspace       used 82334K, capacity 86424K, committed 89472K, reserved 1126400K
  class space    used 10955K, capacity 11849K, committed 12160K, reserved 1048576K
}
Event: 59.798 GC heap before
{Heap before GC invocations=34 (full 6):
 PSYoungGen      total 349696K, used 175104K [0x00000000e0000000, 0x0000000100000000, 0x0000000100000000)
  eden space 175104K, 100% used [0x00000000e0000000,0x00000000eab00000,0x00000000eab00000)
  from space 174592K, 0% used [0x00000000eab00000,0x00000000eab00000,0x00000000f5580000)
  to   space 174592K, 0% used [0x00000000f5580000,0x00000000f5580000,0x0000000100000000)
 ParOldGen       total 481280K, used 276072K [0x00000000a0000000, 0x00000000bd600000, 0x00000000e0000000)
  object space 481280K, 57% used [0x00000000a0000000,0x00000000b0d9a230,0x00000000bd600000)
 Metaspace       used 82518K, capacity 86702K, committed 89472K, reserved 1126400K
  class space    used 10987K, capacity 11890K, committed 12160K, reserved 1048576K
Event: 59.814 GC heap after
Heap after GC invocations=34 (full 6):
 PSYoungGen      total 349696K, used 8410K [0x00000000e0000000, 0x0000000100000000, 0x0000000100000000)
  eden space 175104K, 0% used [0x00000000e0000000,0x00000000e0000000,0x00000000eab00000)
  from space 174592K, 4% used [0x00000000f5580000,0x00000000f5db6a50,0x0000000100000000)
  to   space 174592K, 0% used [0x00000000eab00000,0x00000000eab00000,0x00000000f5580000)
 ParOldGen       total 481280K, used 276072K [0x00000000a0000000, 0x00000000bd600000, 0x00000000e0000000)
  object space 481280K, 57% used [0x00000000a0000000,0x00000000b0d9a230,0x00000000bd600000)
 Metaspace       used 82518K, capacity 86702K, committed 89472K, reserved 1126400K
  class space    used 10987K, capacity 11890K, committed 12160K, reserved 1048576K
}

Deoptimization events (10 events):
Event: 61.704 Thread 0x000000001f005800 Uncommon trap: reason=bimorphic action=maybe_recompile pc=0x0000000005c10b10 method=com.android.tools.r8.m.a.a.b.A0.b(I[Ljava/lang/Object;)Lcom/android/tools/r8/m/a/a/b/A0; @ 51
Event: 61.705 Thread 0x000000001f005800 Uncommon trap: reason=class_check action=maybe_recompile pc=0x0000000005b65434 method=com.android.tools.r8.graph.C.hashCode()I @ 1
Event: 61.705 Thread 0x000000001f005800 Uncommon trap: reason=class_check action=maybe_recompile pc=0x0000000005b65434 method=com.android.tools.r8.graph.C.hashCode()I @ 1
Event: 61.705 Thread 0x000000001f005800 Uncommon trap: reason=bimorphic action=maybe_recompile pc=0x0000000005c10b10 method=com.android.tools.r8.m.a.a.b.A0.b(I[Ljava/lang/Object;)Lcom/android/tools/r8/m/a/a/b/A0; @ 51
Event: 61.705 Thread 0x000000001f005800 Uncommon trap: reason=bimorphic action=maybe_recompile pc=0x0000000005c10b10 method=com.android.tools.r8.m.a.a.b.A0.b(I[Ljava/lang/Object;)Lcom/android/tools/r8/m/a/a/b/A0; @ 51
Event: 61.718 Thread 0x000000001f005800 Uncommon trap: reason=unstable_if action=reinterpret pc=0x0000000005849ae0 method=com.android.tools.r8.t.a.a.B.d(Ljava/lang/String;)Lcom/android/tools/r8/t/a/a/B; @ 11
Event: 61.731 Thread 0x000000001f005800 Uncommon trap: reason=array_check action=maybe_recompile pc=0x0000000005b8af2c method=com.android.tools.r8.m.a.a.b.l2.a(I[Ljava/util/Map$Entry;)Lcom/android/tools/r8/m/a/a/b/l2; @ 193
Event: 61.748 Thread 0x000000001f005800 Uncommon trap: reason=array_check action=maybe_recompile pc=0x0000000005b8af2c method=com.android.tools.r8.m.a.a.b.l2.a(I[Ljava/util/Map$Entry;)Lcom/android/tools/r8/m/a/a/b/l2; @ 193
Event: 62.021 Thread 0x000000001f005800 Uncommon trap: reason=unstable_if action=reinterpret pc=0x00000000044c6520 method=com.android.tools.r8.t.a.a.s.a(I)V @ 4
Event: 62.021 Thread 0x000000001f005800 Uncommon trap: reason=unstable_if action=reinterpret pc=0x0000000003c25634 method=com.android.tools.r8.t.a.a.s.a(Lcom/android/tools/r8/t/a/a/u;Z)V @ 31

Classes redefined (0 events):
No events

Internal exceptions (10 events):
Event: 52.803 Thread 0x000000001f005800 Exception <a 'sun/nio/fs/WindowsException'> (0x00000000e45e89a8) thrown at [C:\re\workspace\8-2-build-windows-amd64-cygwin\jdk8u212\12974\hotspot\src\share\vm\prims\jni.cpp, line 710]
Event: 52.803 Thread 0x000000001f005800 Exception <a 'sun/nio/fs/WindowsException'> (0x00000000e45ea198) thrown at [C:\re\workspace\8-2-build-windows-amd64-cygwin\jdk8u212\12974\hotspot\src\share\vm\prims\jni.cpp, line 710]
Event: 52.808 Thread 0x000000001f005800 Exception <a 'sun/nio/fs/WindowsException'> (0x00000000e45f70e0) thrown at [C:\re\workspace\8-2-build-windows-amd64-cygwin\jdk8u212\12974\hotspot\src\share\vm\prims\jni.cpp, line 710]
Event: 53.519 Thread 0x000000001f005800 Exception <a 'java/lang/NoSuchMethodError': java.lang.Object.lambda$static$0(Ljava/lang/String;)Z> (0x00000000ed68ab28) thrown at [C:\re\workspace\8-2-build-windows-amd64-cygwin\jdk8u212\12974\hotspot\src\share\vm\interpreter\linkResolver.cpp, line 620]
Event: 54.145 Thread 0x000000001f005800 Exception <a 'java/lang/IncompatibleClassChangeError': Found class java.lang.Object, but interface was expected> (0x00000000ef27e8b0) thrown at [C:\re\workspace\8-2-build-windows-amd64-cygwin\jdk8u212\12974\hotspot\src\share\vm\interpreter\linkResolver.cp
Event: 56.461 Thread 0x000000001f005800 Implicit null exception at 0x00000000058ee4ea to 0x00000000058f079d
Event: 56.483 Thread 0x000000001f005800 Implicit null exception at 0x000000000590f55c to 0x0000000005915ac9
Event: 56.656 Thread 0x000000001f005800 Implicit null exception at 0x0000000003e32048 to 0x0000000003e320e1
Event: 57.301 Thread 0x000000001f005800 Implicit null exception at 0x0000000003618a38 to 0x0000000003618aa9
Event: 61.361 Thread 0x000000001f005800 Implicit null exception at 0x0000000005c1753f to 0x0000000005c18119

Events (10 events):
Event: 61.822 Thread 0x000000001f005800 DEOPT PACKING pc=0x0000000005c3abf6 sp=0x00000000249da630
Event: 61.822 Thread 0x000000001f005800 DEOPT UNPACKING pc=0x0000000002857490 sp=0x00000000249da608 mode 0
Event: 62.021 Thread 0x000000001f005800 Uncommon trap: trap_request=0xffffff65 fr.pc=0x00000000044c6520
Event: 62.021 Thread 0x000000001f005800 DEOPT PACKING pc=0x00000000044c6520 sp=0x00000000249da660
Event: 62.021 Thread 0x000000001f005800 DEOPT UNPACKING pc=0x000000000285583b sp=0x00000000249da5e0 mode 2
Event: 62.021 Thread 0x000000001f005800 Uncommon trap: trap_request=0xffffff65 fr.pc=0x0000000003c25634
Event: 62.021 Thread 0x000000001f005800 DEOPT PACKING pc=0x0000000003c25634 sp=0x00000000249da630
Event: 62.021 Thread 0x000000001f005800 DEOPT UNPACKING pc=0x000000000285583b sp=0x00000000249da5e8 mode 2
Event: 62.112 Thread 0x000000001f005800 DEOPT PACKING pc=0x0000000005c9790c sp=0x00000000249db1f0
Event: 62.112 Thread 0x000000001f005800 DEOPT UNPACKING pc=0x0000000002857490 sp=0x00000000249dafc8 mode 0


Dynamic libraries:
0x00007ff64def0000 - 0x00007ff64df27000 	C:\Program Files\Java\jdk1.8.0_212\bin\java.exe
0x00007ff810060000 - 0x00007ff810250000 	C:\WINDOWS\SYSTEM32\ntdll.dll
0x00007ff80e140000 - 0x00007ff80e1f2000 	C:\WINDOWS\System32\KERNEL32.DLL
0x00007ff80dc80000 - 0x00007ff80df25000 	C:\WINDOWS\System32\KERNELBASE.dll
0x00007ff80f650000 - 0x00007ff80f6f3000 	C:\WINDOWS\System32\ADVAPI32.dll
0x00007ff80ef10000 - 0x00007ff80efae000 	C:\WINDOWS\System32\msvcrt.dll
0x00007ff80f1f0000 - 0x00007ff80f287000 	C:\WINDOWS\System32\sechost.dll
0x00007ff80f530000 - 0x00007ff80f650000 	C:\WINDOWS\System32\RPCRT4.dll
0x00007ff80f310000 - 0x00007ff80f4a4000 	C:\WINDOWS\System32\USER32.dll
0x00007ff80d4c0000 - 0x00007ff80d4e1000 	C:\WINDOWS\System32\win32u.dll
0x00007ff80f1c0000 - 0x00007ff80f1e6000 	C:\WINDOWS\System32\GDI32.dll
0x00007ff80d320000 - 0x00007ff80d4b6000 	C:\WINDOWS\System32\gdi32full.dll
0x00007ff80e020000 - 0x00007ff80e0be000 	C:\WINDOWS\System32\msvcp_win.dll
0x00007ff80d000000 - 0x00007ff80d0fa000 	C:\WINDOWS\System32\ucrtbase.dll
0x00007ffffb390000 - 0x00007ffffb614000 	C:\WINDOWS\WinSxS\amd64_microsoft.windows.common-controls_6595b64144ccf1df_6.0.18362.1256_none_9e7e379be45e40e2\COMCTL32.dll
0x00007ff80e460000 - 0x00007ff80e796000 	C:\WINDOWS\System32\combase.dll
0x00007ff80df30000 - 0x00007ff80dfb1000 	C:\WINDOWS\System32\bcryptPrimitives.dll
0x00007ff80e110000 - 0x00007ff80e13e000 	C:\WINDOWS\System32\IMM32.DLL
0x0000000050a80000 - 0x0000000050b52000 	C:\Program Files\Java\jdk1.8.0_212\jre\bin\msvcr100.dll
0x00000000501d0000 - 0x0000000050a75000 	C:\Program Files\Java\jdk1.8.0_212\jre\bin\server\jvm.dll
0x00007ff810010000 - 0x00007ff810018000 	C:\WINDOWS\System32\PSAPI.DLL
0x00007ff804900000 - 0x00007ff80490a000 	C:\WINDOWS\SYSTEM32\VERSION.dll
0x00007ff80a500000 - 0x00007ff80a524000 	C:\WINDOWS\SYSTEM32\WINMM.dll
0x00007ff809320000 - 0x00007ff809329000 	C:\WINDOWS\SYSTEM32\WSOCK32.dll
0x00007ff80a4d0000 - 0x00007ff80a4fd000 	C:\WINDOWS\SYSTEM32\winmmbase.dll
0x00007ff80e0c0000 - 0x00007ff80e10a000 	C:\WINDOWS\System32\cfgmgr32.dll
0x00007ff80f700000 - 0x00007ff80f76f000 	C:\WINDOWS\System32\WS2_32.dll
0x00007ff8051d0000 - 0x00007ff8051df000 	C:\Program Files\Java\jdk1.8.0_212\jre\bin\verify.dll
0x00007ffff3ee0000 - 0x00007ffff3f09000 	C:\Program Files\Java\jdk1.8.0_212\jre\bin\java.dll
0x00007ff804ef0000 - 0x00007ff804f06000 	C:\Program Files\Java\jdk1.8.0_212\jre\bin\zip.dll
0x00007ff80f8b0000 - 0x00007ff80ff97000 	C:\WINDOWS\System32\SHELL32.dll
0x00007ff80e3b0000 - 0x00007ff80e459000 	C:\WINDOWS\System32\shcore.dll
0x00007ff80d4f0000 - 0x00007ff80dc71000 	C:\WINDOWS\System32\windows.storage.dll
0x00007ff80cf30000 - 0x00007ff80cf53000 	C:\WINDOWS\System32\profapi.dll
0x00007ff80cf80000 - 0x00007ff80cfca000 	C:\WINDOWS\System32\powrprof.dll
0x00007ff80cf00000 - 0x00007ff80cf10000 	C:\WINDOWS\System32\UMPDC.dll
0x00007ff80e830000 - 0x00007ff80e882000 	C:\WINDOWS\System32\shlwapi.dll
0x00007ff80cf60000 - 0x00007ff80cf71000 	C:\WINDOWS\System32\kernel.appcore.dll
0x00007ff80d300000 - 0x00007ff80d317000 	C:\WINDOWS\System32\cryptsp.dll
0x00007ff800450000 - 0x00007ff80046a000 	C:\Program Files\Java\jdk1.8.0_212\jre\bin\net.dll
0x00007ff801c00000 - 0x00007ff801dd6000 	C:\WINDOWS\SYSTEM32\urlmon.dll
0x00007ff801550000 - 0x00007ff8017f7000 	C:\WINDOWS\SYSTEM32\iertutil.dll
0x00007ff80c8c0000 - 0x00007ff80c8cc000 	C:\WINDOWS\SYSTEM32\CRYPTBASE.DLL
0x00007ff80c6f0000 - 0x00007ff80c757000 	C:\WINDOWS\system32\mswsock.dll
0x00007ff8003f0000 - 0x00007ff800402000 	C:\Program Files\Java\jdk1.8.0_212\jre\bin\nio.dll
0x00007fffea9b0000 - 0x00007fffea9d6000 	D:\Programming\.gradle\native\29\windows-amd64\native-platform.dll
0x00007ff8051c0000 - 0x00007ff8051cd000 	C:\Program Files\Java\jdk1.8.0_212\jre\bin\management.dll
0x00007ff80c260000 - 0x00007ff80c293000 	C:\WINDOWS\system32\rsaenh.dll
0x00007ff80cfd0000 - 0x00007ff80cff6000 	C:\WINDOWS\System32\bcrypt.dll
0x00007ff80ce20000 - 0x00007ff80ce45000 	C:\WINDOWS\SYSTEM32\USERENV.dll
0x00007ff80c400000 - 0x00007ff80c43a000 	C:\WINDOWS\SYSTEM32\IPHLPAPI.DLL
0x00007ff80ef00000 - 0x00007ff80ef08000 	C:\WINDOWS\System32\NSI.dll
0x00007ff8046a0000 - 0x00007ff8046b6000 	C:\WINDOWS\SYSTEM32\dhcpcsvc6.DLL
0x00007ff804750000 - 0x00007ff80476c000 	C:\WINDOWS\SYSTEM32\dhcpcsvc.DLL
0x00007ff80c440000 - 0x00007ff80c50b000 	C:\WINDOWS\SYSTEM32\DNSAPI.dll
0x00007fffe7b50000 - 0x00007fffe7b74000 	C:\Program Files\Java\jdk1.8.0_212\jre\bin\sunec.dll
0x00007ff801540000 - 0x00007ff80154a000 	C:\Windows\System32\rasadhlp.dll
0x00007ff8041f0000 - 0x00007ff804267000 	C:\WINDOWS\System32\fwpuclnt.dll
0x00007ff801b00000 - 0x00007ff801b0b000 	C:\Program Files\Java\jdk1.8.0_212\jre\bin\sunmscapi.dll
0x00007ff80d100000 - 0x00007ff80d249000 	C:\WINDOWS\System32\CRYPT32.dll
0x00007ff80cf10000 - 0x00007ff80cf22000 	C:\WINDOWS\System32\MSASN1.dll

VM Arguments:
jvm_args: -Xmx1536m -Dfile.encoding=GBK -Duser.country=CN -Duser.language=zh -Duser.variant 
java_command: org.gradle.launcher.daemon.bootstrap.GradleDaemon 5.5.1
java_class_path (initial): D:\Programming\.gradle\wrapper\dists\gradle-5.5.1-all\8yl0syll3fr5m1v472nzznadi\gradle-5.5.1\lib\gradle-launcher-5.5.1.jar
Launcher Type: SUN_STANDARD

Environment Variables:
JAVA_HOME=C:\Program Files\Java\jdk1.8.0_212\
PATH=C:\Program Files\Java\jdk1.8.0_212\\bin\;C:\WINDOWS\system32;C:\WINDOWS;C:\WINDOWS\System32\Wbem;C:\WINDOWS\System32\WindowsPowerShell\v1.0\;C:\WINDOWS\System32\OpenSSH\;C:\Program Files\Intel\WiFi\bin\;C:\Program Files\Common Files\Intel\WirelessCommon\;D:\Program Files\Git\cmd;D:\Program Files\Matlab R2019a\runtime\win64;D:\Program Files\Matlab R2019a\bin;D:\Program Files\Matlab R2019a\polyspace\bin;D:\Programming\apache-maven-3.6.2\bin;C:\Program Files (x86)\Common Files\Thunder Network\KanKan\Codecs;D:\Programming\mingw64\bin;D:\Program Files\Rational\common;D:\Programming\nodejs\;D:\Programming\Android\android-sdk\platform-tools;C:\Users\Z-P-J\AppData\Local\Programs\Python\Python37\;C:\Users\Z-P-J\AppData\Local\Programs\Python\Python37\Scripts\;C:\Program Files\MySQL\MySQL Shell 8.0\bin\;D:\Program Files\Microsoft VS Code\bin;C:\Users\Z-P-J\AppData\Local\GitHubDesktop\bin;C:\Users\Z-P-J\AppData\Local\Microsoft\WindowsApps;C:\Users\Z-P-J\AppData\Roaming\npm;C:\Python27;C:\Python27\Scripts;;C:\Users\Z-P-J\AppData\Local\Programs\EmEditor
USERNAME=Z-P-J
OS=Windows_NT
PROCESSOR_IDENTIFIER=AMD64 Family 23 Model 24 Stepping 1, AuthenticAMD



---------------  S Y S T E M  ---------------

OS: Windows 10.0 , 64 bit Build 18362 (10.0.18362.1110)

CPU:total 8 (initial active 8) (8 cores per cpu, 1 threads per core) family 23 model 24 stepping 1, cmov, cx8, fxsr, mmx, sse, sse2, sse3, ssse3, sse4.1, sse4.2, popcnt, avx, avx2, aes, clmul, mmxext, 3dnowpref, lzcnt, sse4a, tsc, tscinvbit, tscinv, bmi1

Memory: 4k page, physical 7277196k(475748k free), swap 17762952k(6088k free)

vm_info: Java HotSpot(TM) 64-Bit Server VM (25.212-b10) for windows-amd64 JRE (1.8.0_212-b10), built on Apr  1 2019 22:50:23 by "java_re" with MS VC++ 10.0 (VS2010)

time: Sun Jan 03 18:46:59 2021
timezone: 中国标准时间
elapsed time: 62 seconds (0d 0h 1m 2s)

